[
    {
        "timestamp": 0,
        "cluster_state": {
            "arrived_workflows": 0,
            "unfinished_workflows": 0,
            "finihsed_workflows": [],
            "machine_states": [
                {
                    "id": "cat0_m0",
                    "cpu_capacity": 7.0,
                    "memory_capacity": 1,
                    "disk_capacity": 1,
                    "cpu": 1.0,
                    "memory": 1.0,
                    "disk": 1.0,
                    "running_task_instances": 0,
                    "finished_task_instances": 0
                },
                {
                    "id": "cat1_m1",
                    "cpu_capacity": 6.0,
                    "memory_capacity": 1,
                    "disk_capacity": 1,
                    "cpu": 1.0,
                    "memory": 1.0,
                    "disk": 1.0,
                    "running_task_instances": 0,
                    "finished_task_instances": 0
                },
                {
                    "id": "cat2_m2",
                    "cpu_capacity": 11.0,
                    "memory_capacity": 1,
                    "disk_capacity": 1,
                    "cpu": 1.0,
                    "memory": 1.0,
                    "disk": 1.0,
                    "running_task_instances": 0,
                    "finished_task_instances": 0
                }
            ],
            "cpu": 1.0,
            "memory": 1.0,
            "disk": 1.0
        },
        "telescope_state": {
            "telescope_in_use": false,
            "telescope_arrays_used": 0,
            "observations_waiting": 3
        },
        "scheduler_state": {}
    },
    {
        "timestamp": 1,
        "cluster_state": {
            "arrived_workflows": 0,
            "unfinished_workflows": 0,
            "finihsed_workflows": [],
            "machine_states": [
                {
                    "id": "cat0_m0",
                    "cpu_capacity": 7.0,
                    "memory_capacity": 1,
                    "disk_capacity": 1,
                    "cpu": 1.0,
                    "memory": 1.0,
                    "disk": 1.0,
                    "running_task_instances": 0,
                    "finished_task_instances": 0
                },
                {
                    "id": "cat1_m1",
                    "cpu_capacity": 6.0,
                    "memory_capacity": 1,
                    "disk_capacity": 1,
                    "cpu": 1.0,
                    "memory": 1.0,
                    "disk": 1.0,
                    "running_task_instances": 0,
                    "finished_task_instances": 0
                },
                {
                    "id": "cat2_m2",
                    "cpu_capacity": 11.0,
                    "memory_capacity": 1,
                    "disk_capacity": 1,
                    "cpu": 1.0,
                    "memory": 1.0,
                    "disk": 1.0,
                    "running_task_instances": 0,
                    "finished_task_instances": 0
                }
            ],
            "cpu": 1.0,
            "memory": 1.0,
            "disk": 1.0
        },
        "telescope_state": {
            "telescope_in_use": true,
            "telescope_arrays_used": 36,
            "observations_waiting": 3
        },
        "scheduler_state": {}
    },
    {
        "timestamp": 2,
        "cluster_state": {
            "arrived_workflows": 0,
            "unfinished_workflows": 0,
            "finihsed_workflows": [],
            "machine_states": [
                {
                    "id": "cat0_m0",
                    "cpu_capacity": 7.0,
                    "memory_capacity": 1,
                    "disk_capacity": 1,
                    "cpu": 1.0,
                    "memory": 1.0,
                    "disk": 1.0,
                    "running_task_instances": 0,
                    "finished_task_instances": 0
                },
                {
                    "id": "cat1_m1",
                    "cpu_capacity": 6.0,
                    "memory_capacity": 1,
                    "disk_capacity": 1,
                    "cpu": 1.0,
                    "memory": 1.0,
                    "disk": 1.0,
                    "running_task_instances": 0,
                    "finished_task_instances": 0
                },
                {
                    "id": "cat2_m2",
                    "cpu_capacity": 11.0,
                    "memory_capacity": 1,
                    "disk_capacity": 1,
                    "cpu": 1.0,
                    "memory": 1.0,
                    "disk": 1.0,
                    "running_task_instances": 0,
                    "finished_task_instances": 0
                }
            ],
            "cpu": 1.0,
            "memory": 1.0,
            "disk": 1.0
        },
        "telescope_state": {
            "telescope_in_use": true,
            "telescope_arrays_used": 36,
            "observations_waiting": 3
        },
        "scheduler_state": {}
    },
    {
        "timestamp": 3,
        "cluster_state": {
            "arrived_workflows": 0,
            "unfinished_workflows": 0,
            "finihsed_workflows": [],
            "machine_states": [
                {
                    "id": "cat0_m0",
                    "cpu_capacity": 7.0,
                    "memory_capacity": 1,
                    "disk_capacity": 1,
                    "cpu": 1.0,
                    "memory": 1.0,
                    "disk": 1.0,
                    "running_task_instances": 0,
                    "finished_task_instances": 0
                },
                {
                    "id": "cat1_m1",
                    "cpu_capacity": 6.0,
                    "memory_capacity": 1,
                    "disk_capacity": 1,
                    "cpu": 1.0,
                    "memory": 1.0,
                    "disk": 1.0,
                    "running_task_instances": 0,
                    "finished_task_instances": 0
                },
                {
                    "id": "cat2_m2",
                    "cpu_capacity": 11.0,
                    "memory_capacity": 1,
                    "disk_capacity": 1,
                    "cpu": 1.0,
                    "memory": 1.0,
                    "disk": 1.0,
                    "running_task_instances": 0,
                    "finished_task_instances": 0
                }
            ],
            "cpu": 1.0,
            "memory": 1.0,
            "disk": 1.0
        },
        "telescope_state": {
            "telescope_in_use": true,
            "telescope_arrays_used": 36,
            "observations_waiting": 3
        },
        "scheduler_state": {}
    },
    {
        "timestamp": 4,
        "cluster_state": {
            "arrived_workflows": 0,
            "unfinished_workflows": 0,
            "finihsed_workflows": [],
            "machine_states": [
                {
                    "id": "cat0_m0",
                    "cpu_capacity": 7.0,
                    "memory_capacity": 1,
                    "disk_capacity": 1,
                    "cpu": 1.0,
                    "memory": 1.0,
                    "disk": 1.0,
                    "running_task_instances": 0,
                    "finished_task_instances": 0
                },
                {
                    "id": "cat1_m1",
                    "cpu_capacity": 6.0,
                    "memory_capacity": 1,
                    "disk_capacity": 1,
                    "cpu": 1.0,
                    "memory": 1.0,
                    "disk": 1.0,
                    "running_task_instances": 0,
                    "finished_task_instances": 0
                },
                {
                    "id": "cat2_m2",
                    "cpu_capacity": 11.0,
                    "memory_capacity": 1,
                    "disk_capacity": 1,
                    "cpu": 1.0,
                    "memory": 1.0,
                    "disk": 1.0,
                    "running_task_instances": 0,
                    "finished_task_instances": 0
                }
            ],
            "cpu": 1.0,
            "memory": 1.0,
            "disk": 1.0
        },
        "telescope_state": {
            "telescope_in_use": true,
            "telescope_arrays_used": 36,
            "observations_waiting": 3
        },
        "scheduler_state": {}
    },
    {
        "timestamp": 5,
        "cluster_state": {
            "arrived_workflows": 0,
            "unfinished_workflows": 0,
            "finihsed_workflows": [],
            "machine_states": [
                {
                    "id": "cat0_m0",
                    "cpu_capacity": 7.0,
                    "memory_capacity": 1,
                    "disk_capacity": 1,
                    "cpu": 1.0,
                    "memory": 1.0,
                    "disk": 1.0,
                    "running_task_instances": 0,
                    "finished_task_instances": 0
                },
                {
                    "id": "cat1_m1",
                    "cpu_capacity": 6.0,
                    "memory_capacity": 1,
                    "disk_capacity": 1,
                    "cpu": 1.0,
                    "memory": 1.0,
                    "disk": 1.0,
                    "running_task_instances": 0,
                    "finished_task_instances": 0
                },
                {
                    "id": "cat2_m2",
                    "cpu_capacity": 11.0,
                    "memory_capacity": 1,
                    "disk_capacity": 1,
                    "cpu": 1.0,
                    "memory": 1.0,
                    "disk": 1.0,
                    "running_task_instances": 0,
                    "finished_task_instances": 0
                }
            ],
            "cpu": 1.0,
            "memory": 1.0,
            "disk": 1.0
        },
        "telescope_state": {
            "telescope_in_use": true,
            "telescope_arrays_used": 36,
            "observations_waiting": 3
        },
        "scheduler_state": {}
    },
    {
        "timestamp": 6,
        "cluster_state": {
            "arrived_workflows": 0,
            "unfinished_workflows": 0,
            "finihsed_workflows": [],
            "machine_states": [
                {
                    "id": "cat0_m0",
                    "cpu_capacity": 7.0,
                    "memory_capacity": 1,
                    "disk_capacity": 1,
                    "cpu": 1.0,
                    "memory": 1.0,
                    "disk": 1.0,
                    "running_task_instances": 0,
                    "finished_task_instances": 0
                },
                {
                    "id": "cat1_m1",
                    "cpu_capacity": 6.0,
                    "memory_capacity": 1,
                    "disk_capacity": 1,
                    "cpu": 1.0,
                    "memory": 1.0,
                    "disk": 1.0,
                    "running_task_instances": 0,
                    "finished_task_instances": 0
                },
                {
                    "id": "cat2_m2",
                    "cpu_capacity": 11.0,
                    "memory_capacity": 1,
                    "disk_capacity": 1,
                    "cpu": 1.0,
                    "memory": 1.0,
                    "disk": 1.0,
                    "running_task_instances": 0,
                    "finished_task_instances": 0
                }
            ],
            "cpu": 1.0,
            "memory": 1.0,
            "disk": 1.0
        },
        "telescope_state": {
            "telescope_in_use": true,
            "telescope_arrays_used": 36,
            "observations_waiting": 3
        },
        "scheduler_state": {}
    },
    {
        "timestamp": 7,
        "cluster_state": {
            "arrived_workflows": 0,
            "unfinished_workflows": 0,
            "finihsed_workflows": [],
            "machine_states": [
                {
                    "id": "cat0_m0",
                    "cpu_capacity": 7.0,
                    "memory_capacity": 1,
                    "disk_capacity": 1,
                    "cpu": 1.0,
                    "memory": 1.0,
                    "disk": 1.0,
                    "running_task_instances": 0,
                    "finished_task_instances": 0
                },
                {
                    "id": "cat1_m1",
                    "cpu_capacity": 6.0,
                    "memory_capacity": 1,
                    "disk_capacity": 1,
                    "cpu": 1.0,
                    "memory": 1.0,
                    "disk": 1.0,
                    "running_task_instances": 0,
                    "finished_task_instances": 0
                },
                {
                    "id": "cat2_m2",
                    "cpu_capacity": 11.0,
                    "memory_capacity": 1,
                    "disk_capacity": 1,
                    "cpu": 1.0,
                    "memory": 1.0,
                    "disk": 1.0,
                    "running_task_instances": 0,
                    "finished_task_instances": 0
                }
            ],
            "cpu": 1.0,
            "memory": 1.0,
            "disk": 1.0
        },
        "telescope_state": {
            "telescope_in_use": true,
            "telescope_arrays_used": 36,
            "observations_waiting": 3
        },
        "scheduler_state": {}
    },
    {
        "timestamp": 8,
        "cluster_state": {
            "arrived_workflows": 0,
            "unfinished_workflows": 0,
            "finihsed_workflows": [],
            "machine_states": [
                {
                    "id": "cat0_m0",
                    "cpu_capacity": 7.0,
                    "memory_capacity": 1,
                    "disk_capacity": 1,
                    "cpu": 1.0,
                    "memory": 1.0,
                    "disk": 1.0,
                    "running_task_instances": 0,
                    "finished_task_instances": 0
                },
                {
                    "id": "cat1_m1",
                    "cpu_capacity": 6.0,
                    "memory_capacity": 1,
                    "disk_capacity": 1,
                    "cpu": 1.0,
                    "memory": 1.0,
                    "disk": 1.0,
                    "running_task_instances": 0,
                    "finished_task_instances": 0
                },
                {
                    "id": "cat2_m2",
                    "cpu_capacity": 11.0,
                    "memory_capacity": 1,
                    "disk_capacity": 1,
                    "cpu": 1.0,
                    "memory": 1.0,
                    "disk": 1.0,
                    "running_task_instances": 0,
                    "finished_task_instances": 0
                }
            ],
            "cpu": 1.0,
            "memory": 1.0,
            "disk": 1.0
        },
        "telescope_state": {
            "telescope_in_use": true,
            "telescope_arrays_used": 36,
            "observations_waiting": 3
        },
        "scheduler_state": {}
    },
    {
        "timestamp": 9,
        "cluster_state": {
            "arrived_workflows": 0,
            "unfinished_workflows": 0,
            "finihsed_workflows": [],
            "machine_states": [
                {
                    "id": "cat0_m0",
                    "cpu_capacity": 7.0,
                    "memory_capacity": 1,
                    "disk_capacity": 1,
                    "cpu": 1.0,
                    "memory": 1.0,
                    "disk": 1.0,
                    "running_task_instances": 0,
                    "finished_task_instances": 0
                },
                {
                    "id": "cat1_m1",
                    "cpu_capacity": 6.0,
                    "memory_capacity": 1,
                    "disk_capacity": 1,
                    "cpu": 1.0,
                    "memory": 1.0,
                    "disk": 1.0,
                    "running_task_instances": 0,
                    "finished_task_instances": 0
                },
                {
                    "id": "cat2_m2",
                    "cpu_capacity": 11.0,
                    "memory_capacity": 1,
                    "disk_capacity": 1,
                    "cpu": 1.0,
                    "memory": 1.0,
                    "disk": 1.0,
                    "running_task_instances": 0,
                    "finished_task_instances": 0
                }
            ],
            "cpu": 1.0,
            "memory": 1.0,
            "disk": 1.0
        },
        "telescope_state": {
            "telescope_in_use": true,
            "telescope_arrays_used": 36,
            "observations_waiting": 3
        },
        "scheduler_state": {}
    },
    {
        "timestamp": 10,
        "cluster_state": {
            "arrived_workflows": 0,
            "unfinished_workflows": 0,
            "finihsed_workflows": [],
            "machine_states": [
                {
                    "id": "cat0_m0",
                    "cpu_capacity": 7.0,
                    "memory_capacity": 1,
                    "disk_capacity": 1,
                    "cpu": 1.0,
                    "memory": 1.0,
                    "disk": 1.0,
                    "running_task_instances": 0,
                    "finished_task_instances": 0
                },
                {
                    "id": "cat1_m1",
                    "cpu_capacity": 6.0,
                    "memory_capacity": 1,
                    "disk_capacity": 1,
                    "cpu": 1.0,
                    "memory": 1.0,
                    "disk": 1.0,
                    "running_task_instances": 0,
                    "finished_task_instances": 0
                },
                {
                    "id": "cat2_m2",
                    "cpu_capacity": 11.0,
                    "memory_capacity": 1,
                    "disk_capacity": 1,
                    "cpu": 1.0,
                    "memory": 1.0,
                    "disk": 1.0,
                    "running_task_instances": 0,
                    "finished_task_instances": 0
                }
            ],
            "cpu": 1.0,
            "memory": 1.0,
            "disk": 1.0
        },
        "telescope_state": {
            "telescope_in_use": true,
            "telescope_arrays_used": 36,
            "observations_waiting": 3
        },
        "scheduler_state": {}
    },
    {
        "timestamp": 11,
        "cluster_state": {
            "arrived_workflows": 0,
            "unfinished_workflows": 0,
            "finihsed_workflows": [],
            "machine_states": [
                {
                    "id": "cat0_m0",
                    "cpu_capacity": 7.0,
                    "memory_capacity": 1,
                    "disk_capacity": 1,
                    "cpu": 1.0,
                    "memory": 1.0,
                    "disk": 1.0,
                    "running_task_instances": 0,
                    "finished_task_instances": 0
                },
                {
                    "id": "cat1_m1",
                    "cpu_capacity": 6.0,
                    "memory_capacity": 1,
                    "disk_capacity": 1,
                    "cpu": 1.0,
                    "memory": 1.0,
                    "disk": 1.0,
                    "running_task_instances": 0,
                    "finished_task_instances": 0
                },
                {
                    "id": "cat2_m2",
                    "cpu_capacity": 11.0,
                    "memory_capacity": 1,
                    "disk_capacity": 1,
                    "cpu": 1.0,
                    "memory": 1.0,
                    "disk": 1.0,
                    "running_task_instances": 0,
                    "finished_task_instances": 0
                }
            ],
            "cpu": 1.0,
            "memory": 1.0,
            "disk": 1.0
        },
        "telescope_state": {
            "telescope_in_use": true,
            "telescope_arrays_used": 36,
            "observations_waiting": 3
        },
        "scheduler_state": {}
    },
    {
        "timestamp": 12,
        "cluster_state": {
            "arrived_workflows": 0,
            "unfinished_workflows": 0,
            "finihsed_workflows": [],
            "machine_states": [
                {
                    "id": "cat0_m0",
                    "cpu_capacity": 7.0,
                    "memory_capacity": 1,
                    "disk_capacity": 1,
                    "cpu": 1.0,
                    "memory": 1.0,
                    "disk": 1.0,
                    "running_task_instances": 0,
                    "finished_task_instances": 0
                },
                {
                    "id": "cat1_m1",
                    "cpu_capacity": 6.0,
                    "memory_capacity": 1,
                    "disk_capacity": 1,
                    "cpu": 1.0,
                    "memory": 1.0,
                    "disk": 1.0,
                    "running_task_instances": 0,
                    "finished_task_instances": 0
                },
                {
                    "id": "cat2_m2",
                    "cpu_capacity": 11.0,
                    "memory_capacity": 1,
                    "disk_capacity": 1,
                    "cpu": 1.0,
                    "memory": 1.0,
                    "disk": 1.0,
                    "running_task_instances": 0,
                    "finished_task_instances": 0
                }
            ],
            "cpu": 1.0,
            "memory": 1.0,
            "disk": 1.0
        },
        "telescope_state": {
            "telescope_in_use": false,
            "telescope_arrays_used": 0,
            "observations_waiting": 2
        },
        "scheduler_state": {}
    },
    {
        "timestamp": 13,
        "cluster_state": {
            "arrived_workflows": 0,
            "unfinished_workflows": 0,
            "finihsed_workflows": [],
            "machine_states": [
                {
                    "id": "cat0_m0",
                    "cpu_capacity": 7.0,
                    "memory_capacity": 1,
                    "disk_capacity": 1,
                    "cpu": 1.0,
                    "memory": 1.0,
                    "disk": 1.0,
                    "running_task_instances": 0,
                    "finished_task_instances": 0
                },
                {
                    "id": "cat1_m1",
                    "cpu_capacity": 6.0,
                    "memory_capacity": 1,
                    "disk_capacity": 1,
                    "cpu": 1.0,
                    "memory": 1.0,
                    "disk": 1.0,
                    "running_task_instances": 0,
                    "finished_task_instances": 0
                },
                {
                    "id": "cat2_m2",
                    "cpu_capacity": 11.0,
                    "memory_capacity": 1,
                    "disk_capacity": 1,
                    "cpu": 1.0,
                    "memory": 1.0,
                    "disk": 1.0,
                    "running_task_instances": 0,
                    "finished_task_instances": 0
                }
            ],
            "cpu": 1.0,
            "memory": 1.0,
            "disk": 1.0
        },
        "telescope_state": {
            "telescope_in_use": true,
            "telescope_arrays_used": 18,
            "observations_waiting": 2
        },
        "scheduler_state": {}
    },
    {
        "timestamp": 14,
        "cluster_state": {
            "arrived_workflows": 0,
            "unfinished_workflows": 0,
            "finihsed_workflows": [],
            "machine_states": [
                {
                    "id": "cat0_m0",
                    "cpu_capacity": 7.0,
                    "memory_capacity": 1,
                    "disk_capacity": 1,
                    "cpu": 1.0,
                    "memory": 1.0,
                    "disk": 1.0,
                    "running_task_instances": 0,
                    "finished_task_instances": 0
                },
                {
                    "id": "cat1_m1",
                    "cpu_capacity": 6.0,
                    "memory_capacity": 1,
                    "disk_capacity": 1,
                    "cpu": 1.0,
                    "memory": 1.0,
                    "disk": 1.0,
                    "running_task_instances": 0,
                    "finished_task_instances": 0
                },
                {
                    "id": "cat2_m2",
                    "cpu_capacity": 11.0,
                    "memory_capacity": 1,
                    "disk_capacity": 1,
                    "cpu": 1.0,
                    "memory": 1.0,
                    "disk": 1.0,
                    "running_task_instances": 0,
                    "finished_task_instances": 0
                }
            ],
            "cpu": 1.0,
            "memory": 1.0,
            "disk": 1.0
        },
        "telescope_state": {
            "telescope_in_use": true,
            "telescope_arrays_used": 18,
            "observations_waiting": 2
        },
        "scheduler_state": {}
    },
    {
        "timestamp": 15,
        "cluster_state": {
            "arrived_workflows": 0,
            "unfinished_workflows": 0,
            "finihsed_workflows": [],
            "machine_states": [
                {
                    "id": "cat0_m0",
                    "cpu_capacity": 7.0,
                    "memory_capacity": 1,
                    "disk_capacity": 1,
                    "cpu": 1.0,
                    "memory": 1.0,
                    "disk": 1.0,
                    "running_task_instances": 0,
                    "finished_task_instances": 0
                },
                {
                    "id": "cat1_m1",
                    "cpu_capacity": 6.0,
                    "memory_capacity": 1,
                    "disk_capacity": 1,
                    "cpu": 1.0,
                    "memory": 1.0,
                    "disk": 1.0,
                    "running_task_instances": 0,
                    "finished_task_instances": 0
                },
                {
                    "id": "cat2_m2",
                    "cpu_capacity": 11.0,
                    "memory_capacity": 1,
                    "disk_capacity": 1,
                    "cpu": 1.0,
                    "memory": 1.0,
                    "disk": 1.0,
                    "running_task_instances": 0,
                    "finished_task_instances": 0
                }
            ],
            "cpu": 1.0,
            "memory": 1.0,
            "disk": 1.0
        },
        "telescope_state": {
            "telescope_in_use": true,
            "telescope_arrays_used": 18,
            "observations_waiting": 2
        },
        "scheduler_state": {}
    },
    {
        "timestamp": 16,
        "cluster_state": {
            "arrived_workflows": 0,
            "unfinished_workflows": 0,
            "finihsed_workflows": [],
            "machine_states": [
                {
                    "id": "cat0_m0",
                    "cpu_capacity": 7.0,
                    "memory_capacity": 1,
                    "disk_capacity": 1,
                    "cpu": 1.0,
                    "memory": 1.0,
                    "disk": 1.0,
                    "running_task_instances": 0,
                    "finished_task_instances": 0
                },
                {
                    "id": "cat1_m1",
                    "cpu_capacity": 6.0,
                    "memory_capacity": 1,
                    "disk_capacity": 1,
                    "cpu": 1.0,
                    "memory": 1.0,
                    "disk": 1.0,
                    "running_task_instances": 0,
                    "finished_task_instances": 0
                },
                {
                    "id": "cat2_m2",
                    "cpu_capacity": 11.0,
                    "memory_capacity": 1,
                    "disk_capacity": 1,
                    "cpu": 1.0,
                    "memory": 1.0,
                    "disk": 1.0,
                    "running_task_instances": 0,
                    "finished_task_instances": 0
                }
            ],
            "cpu": 1.0,
            "memory": 1.0,
            "disk": 1.0
        },
        "telescope_state": {
            "telescope_in_use": true,
            "telescope_arrays_used": 18,
            "observations_waiting": 2
        },
        "scheduler_state": {}
    },
    {
        "timestamp": 17,
        "cluster_state": {
            "arrived_workflows": 0,
            "unfinished_workflows": 0,
            "finihsed_workflows": [],
            "machine_states": [
                {
                    "id": "cat0_m0",
                    "cpu_capacity": 7.0,
                    "memory_capacity": 1,
                    "disk_capacity": 1,
                    "cpu": 1.0,
                    "memory": 1.0,
                    "disk": 1.0,
                    "running_task_instances": 0,
                    "finished_task_instances": 0
                },
                {
                    "id": "cat1_m1",
                    "cpu_capacity": 6.0,
                    "memory_capacity": 1,
                    "disk_capacity": 1,
                    "cpu": 1.0,
                    "memory": 1.0,
                    "disk": 1.0,
                    "running_task_instances": 0,
                    "finished_task_instances": 0
                },
                {
                    "id": "cat2_m2",
                    "cpu_capacity": 11.0,
                    "memory_capacity": 1,
                    "disk_capacity": 1,
                    "cpu": 1.0,
                    "memory": 1.0,
                    "disk": 1.0,
                    "running_task_instances": 0,
                    "finished_task_instances": 0
                }
            ],
            "cpu": 1.0,
            "memory": 1.0,
            "disk": 1.0
        },
        "telescope_state": {
            "telescope_in_use": true,
            "telescope_arrays_used": 18,
            "observations_waiting": 2
        },
        "scheduler_state": {}
    },
    {
        "timestamp": 18,
        "cluster_state": {
            "arrived_workflows": 0,
            "unfinished_workflows": 0,
            "finihsed_workflows": [],
            "machine_states": [
                {
                    "id": "cat0_m0",
                    "cpu_capacity": 7.0,
                    "memory_capacity": 1,
                    "disk_capacity": 1,
                    "cpu": 1.0,
                    "memory": 1.0,
                    "disk": 1.0,
                    "running_task_instances": 0,
                    "finished_task_instances": 0
                },
                {
                    "id": "cat1_m1",
                    "cpu_capacity": 6.0,
                    "memory_capacity": 1,
                    "disk_capacity": 1,
                    "cpu": 1.0,
                    "memory": 1.0,
                    "disk": 1.0,
                    "running_task_instances": 0,
                    "finished_task_instances": 0
                },
                {
                    "id": "cat2_m2",
                    "cpu_capacity": 11.0,
                    "memory_capacity": 1,
                    "disk_capacity": 1,
                    "cpu": 1.0,
                    "memory": 1.0,
                    "disk": 1.0,
                    "running_task_instances": 0,
                    "finished_task_instances": 0
                }
            ],
            "cpu": 1.0,
            "memory": 1.0,
            "disk": 1.0
        },
        "telescope_state": {
            "telescope_in_use": true,
            "telescope_arrays_used": 18,
            "observations_waiting": 2
        },
        "scheduler_state": {}
    },
    {
        "timestamp": 19,
        "cluster_state": {
            "arrived_workflows": 0,
            "unfinished_workflows": 0,
            "finihsed_workflows": [],
            "machine_states": [
                {
                    "id": "cat0_m0",
                    "cpu_capacity": 7.0,
                    "memory_capacity": 1,
                    "disk_capacity": 1,
                    "cpu": 1.0,
                    "memory": 1.0,
                    "disk": 1.0,
                    "running_task_instances": 0,
                    "finished_task_instances": 0
                },
                {
                    "id": "cat1_m1",
                    "cpu_capacity": 6.0,
                    "memory_capacity": 1,
                    "disk_capacity": 1,
                    "cpu": 1.0,
                    "memory": 1.0,
                    "disk": 1.0,
                    "running_task_instances": 0,
                    "finished_task_instances": 0
                },
                {
                    "id": "cat2_m2",
                    "cpu_capacity": 11.0,
                    "memory_capacity": 1,
                    "disk_capacity": 1,
                    "cpu": 1.0,
                    "memory": 1.0,
                    "disk": 1.0,
                    "running_task_instances": 0,
                    "finished_task_instances": 0
                }
            ],
            "cpu": 1.0,
            "memory": 1.0,
            "disk": 1.0
        },
        "telescope_state": {
            "telescope_in_use": true,
            "telescope_arrays_used": 18,
            "observations_waiting": 2
        },
        "scheduler_state": {}
    },
    {
        "timestamp": 20,
        "cluster_state": {
            "arrived_workflows": 0,
            "unfinished_workflows": 0,
            "finihsed_workflows": [],
            "machine_states": [
                {
                    "id": "cat0_m0",
                    "cpu_capacity": 7.0,
                    "memory_capacity": 1,
                    "disk_capacity": 1,
                    "cpu": 1.0,
                    "memory": 1.0,
                    "disk": 1.0,
                    "running_task_instances": 0,
                    "finished_task_instances": 0
                },
                {
                    "id": "cat1_m1",
                    "cpu_capacity": 6.0,
                    "memory_capacity": 1,
                    "disk_capacity": 1,
                    "cpu": 1.0,
                    "memory": 1.0,
                    "disk": 1.0,
                    "running_task_instances": 0,
                    "finished_task_instances": 0
                },
                {
                    "id": "cat2_m2",
                    "cpu_capacity": 11.0,
                    "memory_capacity": 1,
                    "disk_capacity": 1,
                    "cpu": 1.0,
                    "memory": 1.0,
                    "disk": 1.0,
                    "running_task_instances": 0,
                    "finished_task_instances": 0
                }
            ],
            "cpu": 1.0,
            "memory": 1.0,
            "disk": 1.0
        },
        "telescope_state": {
            "telescope_in_use": true,
            "telescope_arrays_used": 18,
            "observations_waiting": 2
        },
        "scheduler_state": {}
    },
    {
        "timestamp": 21,
        "cluster_state": {
            "arrived_workflows": 0,
            "unfinished_workflows": 0,
            "finihsed_workflows": [],
            "machine_states": [
                {
                    "id": "cat0_m0",
                    "cpu_capacity": 7.0,
                    "memory_capacity": 1,
                    "disk_capacity": 1,
                    "cpu": 1.0,
                    "memory": 1.0,
                    "disk": 1.0,
                    "running_task_instances": 0,
                    "finished_task_instances": 0
                },
                {
                    "id": "cat1_m1",
                    "cpu_capacity": 6.0,
                    "memory_capacity": 1,
                    "disk_capacity": 1,
                    "cpu": 1.0,
                    "memory": 1.0,
                    "disk": 1.0,
                    "running_task_instances": 0,
                    "finished_task_instances": 0
                },
                {
                    "id": "cat2_m2",
                    "cpu_capacity": 11.0,
                    "memory_capacity": 1,
                    "disk_capacity": 1,
                    "cpu": 1.0,
                    "memory": 1.0,
                    "disk": 1.0,
                    "running_task_instances": 0,
                    "finished_task_instances": 0
                }
            ],
            "cpu": 1.0,
            "memory": 1.0,
            "disk": 1.0
        },
        "telescope_state": {
            "telescope_in_use": true,
            "telescope_arrays_used": 36,
            "observations_waiting": 2
        },
        "scheduler_state": {}
    },
    {
        "timestamp": 22,
        "cluster_state": {
            "arrived_workflows": 0,
            "unfinished_workflows": 0,
            "finihsed_workflows": [],
            "machine_states": [
                {
                    "id": "cat0_m0",
                    "cpu_capacity": 7.0,
                    "memory_capacity": 1,
                    "disk_capacity": 1,
                    "cpu": 1.0,
                    "memory": 1.0,
                    "disk": 1.0,
                    "running_task_instances": 0,
                    "finished_task_instances": 0
                },
                {
                    "id": "cat1_m1",
                    "cpu_capacity": 6.0,
                    "memory_capacity": 1,
                    "disk_capacity": 1,
                    "cpu": 1.0,
                    "memory": 1.0,
                    "disk": 1.0,
                    "running_task_instances": 0,
                    "finished_task_instances": 0
                },
                {
                    "id": "cat2_m2",
                    "cpu_capacity": 11.0,
                    "memory_capacity": 1,
                    "disk_capacity": 1,
                    "cpu": 1.0,
                    "memory": 1.0,
                    "disk": 1.0,
                    "running_task_instances": 0,
                    "finished_task_instances": 0
                }
            ],
            "cpu": 1.0,
            "memory": 1.0,
            "disk": 1.0
        },
        "telescope_state": {
            "telescope_in_use": true,
            "telescope_arrays_used": 36,
            "observations_waiting": 2
        },
        "scheduler_state": {}
    },
    {
        "timestamp": 23,
        "cluster_state": {
            "arrived_workflows": 0,
            "unfinished_workflows": 0,
            "finihsed_workflows": [],
            "machine_states": [
                {
                    "id": "cat0_m0",
                    "cpu_capacity": 7.0,
                    "memory_capacity": 1,
                    "disk_capacity": 1,
                    "cpu": 1.0,
                    "memory": 1.0,
                    "disk": 1.0,
                    "running_task_instances": 0,
                    "finished_task_instances": 0
                },
                {
                    "id": "cat1_m1",
                    "cpu_capacity": 6.0,
                    "memory_capacity": 1,
                    "disk_capacity": 1,
                    "cpu": 1.0,
                    "memory": 1.0,
                    "disk": 1.0,
                    "running_task_instances": 0,
                    "finished_task_instances": 0
                },
                {
                    "id": "cat2_m2",
                    "cpu_capacity": 11.0,
                    "memory_capacity": 1,
                    "disk_capacity": 1,
                    "cpu": 1.0,
                    "memory": 1.0,
                    "disk": 1.0,
                    "running_task_instances": 0,
                    "finished_task_instances": 0
                }
            ],
            "cpu": 1.0,
            "memory": 1.0,
            "disk": 1.0
        },
        "telescope_state": {
            "telescope_in_use": true,
            "telescope_arrays_used": 36,
            "observations_waiting": 2
        },
        "scheduler_state": {}
    },
    {
        "timestamp": 24,
        "cluster_state": {
            "arrived_workflows": 0,
            "unfinished_workflows": 0,
            "finihsed_workflows": [],
            "machine_states": [
                {
                    "id": "cat0_m0",
                    "cpu_capacity": 7.0,
                    "memory_capacity": 1,
                    "disk_capacity": 1,
                    "cpu": 1.0,
                    "memory": 1.0,
                    "disk": 1.0,
                    "running_task_instances": 0,
                    "finished_task_instances": 0
                },
                {
                    "id": "cat1_m1",
                    "cpu_capacity": 6.0,
                    "memory_capacity": 1,
                    "disk_capacity": 1,
                    "cpu": 1.0,
                    "memory": 1.0,
                    "disk": 1.0,
                    "running_task_instances": 0,
                    "finished_task_instances": 0
                },
                {
                    "id": "cat2_m2",
                    "cpu_capacity": 11.0,
                    "memory_capacity": 1,
                    "disk_capacity": 1,
                    "cpu": 1.0,
                    "memory": 1.0,
                    "disk": 1.0,
                    "running_task_instances": 0,
                    "finished_task_instances": 0
                }
            ],
            "cpu": 1.0,
            "memory": 1.0,
            "disk": 1.0
        },
        "telescope_state": {
            "telescope_in_use": true,
            "telescope_arrays_used": 36,
            "observations_waiting": 2
        },
        "scheduler_state": {}
    },
    {
        "timestamp": 25,
        "cluster_state": {
            "arrived_workflows": 0,
            "unfinished_workflows": 0,
            "finihsed_workflows": [],
            "machine_states": [
                {
                    "id": "cat0_m0",
                    "cpu_capacity": 7.0,
                    "memory_capacity": 1,
                    "disk_capacity": 1,
                    "cpu": 1.0,
                    "memory": 1.0,
                    "disk": 1.0,
                    "running_task_instances": 0,
                    "finished_task_instances": 0
                },
                {
                    "id": "cat1_m1",
                    "cpu_capacity": 6.0,
                    "memory_capacity": 1,
                    "disk_capacity": 1,
                    "cpu": 1.0,
                    "memory": 1.0,
                    "disk": 1.0,
                    "running_task_instances": 0,
                    "finished_task_instances": 0
                },
                {
                    "id": "cat2_m2",
                    "cpu_capacity": 11.0,
                    "memory_capacity": 1,
                    "disk_capacity": 1,
                    "cpu": 1.0,
                    "memory": 1.0,
                    "disk": 1.0,
                    "running_task_instances": 0,
                    "finished_task_instances": 0
                }
            ],
            "cpu": 1.0,
            "memory": 1.0,
            "disk": 1.0
        },
        "telescope_state": {
            "telescope_in_use": true,
            "telescope_arrays_used": 36,
            "observations_waiting": 2
        },
        "scheduler_state": {}
    },
    {
        "timestamp": 26,
        "cluster_state": {
            "arrived_workflows": 0,
            "unfinished_workflows": 0,
            "finihsed_workflows": [],
            "machine_states": [
                {
                    "id": "cat0_m0",
                    "cpu_capacity": 7.0,
                    "memory_capacity": 1,
                    "disk_capacity": 1,
                    "cpu": 1.0,
                    "memory": 1.0,
                    "disk": 1.0,
                    "running_task_instances": 0,
                    "finished_task_instances": 0
                },
                {
                    "id": "cat1_m1",
                    "cpu_capacity": 6.0,
                    "memory_capacity": 1,
                    "disk_capacity": 1,
                    "cpu": 1.0,
                    "memory": 1.0,
                    "disk": 1.0,
                    "running_task_instances": 0,
                    "finished_task_instances": 0
                },
                {
                    "id": "cat2_m2",
                    "cpu_capacity": 11.0,
                    "memory_capacity": 1,
                    "disk_capacity": 1,
                    "cpu": 1.0,
                    "memory": 1.0,
                    "disk": 1.0,
                    "running_task_instances": 0,
                    "finished_task_instances": 0
                }
            ],
            "cpu": 1.0,
            "memory": 1.0,
            "disk": 1.0
        },
        "telescope_state": {
            "telescope_in_use": true,
            "telescope_arrays_used": 36,
            "observations_waiting": 2
        },
        "scheduler_state": {}
    },
    {
        "timestamp": 27,
        "cluster_state": {
            "arrived_workflows": 0,
            "unfinished_workflows": 0,
            "finihsed_workflows": [],
            "machine_states": [
                {
                    "id": "cat0_m0",
                    "cpu_capacity": 7.0,
                    "memory_capacity": 1,
                    "disk_capacity": 1,
                    "cpu": 1.0,
                    "memory": 1.0,
                    "disk": 1.0,
                    "running_task_instances": 0,
                    "finished_task_instances": 0
                },
                {
                    "id": "cat1_m1",
                    "cpu_capacity": 6.0,
                    "memory_capacity": 1,
                    "disk_capacity": 1,
                    "cpu": 1.0,
                    "memory": 1.0,
                    "disk": 1.0,
                    "running_task_instances": 0,
                    "finished_task_instances": 0
                },
                {
                    "id": "cat2_m2",
                    "cpu_capacity": 11.0,
                    "memory_capacity": 1,
                    "disk_capacity": 1,
                    "cpu": 1.0,
                    "memory": 1.0,
                    "disk": 1.0,
                    "running_task_instances": 0,
                    "finished_task_instances": 0
                }
            ],
            "cpu": 1.0,
            "memory": 1.0,
            "disk": 1.0
        },
        "telescope_state": {
            "telescope_in_use": true,
            "telescope_arrays_used": 18,
            "observations_waiting": 1
        },
        "scheduler_state": {}
    },
    {
        "timestamp": 28,
        "cluster_state": {
            "arrived_workflows": 0,
            "unfinished_workflows": 0,
            "finihsed_workflows": [],
            "machine_states": [
                {
                    "id": "cat0_m0",
                    "cpu_capacity": 7.0,
                    "memory_capacity": 1,
                    "disk_capacity": 1,
                    "cpu": 1.0,
                    "memory": 1.0,
                    "disk": 1.0,
                    "running_task_instances": 0,
                    "finished_task_instances": 0
                },
                {
                    "id": "cat1_m1",
                    "cpu_capacity": 6.0,
                    "memory_capacity": 1,
                    "disk_capacity": 1,
                    "cpu": 1.0,
                    "memory": 1.0,
                    "disk": 1.0,
                    "running_task_instances": 0,
                    "finished_task_instances": 0
                },
                {
                    "id": "cat2_m2",
                    "cpu_capacity": 11.0,
                    "memory_capacity": 1,
                    "disk_capacity": 1,
                    "cpu": 1.0,
                    "memory": 1.0,
                    "disk": 1.0,
                    "running_task_instances": 0,
                    "finished_task_instances": 0
                }
            ],
            "cpu": 1.0,
            "memory": 1.0,
            "disk": 1.0
        },
        "telescope_state": {
            "telescope_in_use": true,
            "telescope_arrays_used": 18,
            "observations_waiting": 1
        },
        "scheduler_state": {}
    },
    {
        "timestamp": 29,
        "cluster_state": {
            "arrived_workflows": 0,
            "unfinished_workflows": 0,
            "finihsed_workflows": [],
            "machine_states": [
                {
                    "id": "cat0_m0",
                    "cpu_capacity": 7.0,
                    "memory_capacity": 1,
                    "disk_capacity": 1,
                    "cpu": 1.0,
                    "memory": 1.0,
                    "disk": 1.0,
                    "running_task_instances": 0,
                    "finished_task_instances": 0
                },
                {
                    "id": "cat1_m1",
                    "cpu_capacity": 6.0,
                    "memory_capacity": 1,
                    "disk_capacity": 1,
                    "cpu": 1.0,
                    "memory": 1.0,
                    "disk": 1.0,
                    "running_task_instances": 0,
                    "finished_task_instances": 0
                },
                {
                    "id": "cat2_m2",
                    "cpu_capacity": 11.0,
                    "memory_capacity": 1,
                    "disk_capacity": 1,
                    "cpu": 1.0,
                    "memory": 1.0,
                    "disk": 1.0,
                    "running_task_instances": 0,
                    "finished_task_instances": 0
                }
            ],
            "cpu": 1.0,
            "memory": 1.0,
            "disk": 1.0
        },
        "telescope_state": {
            "telescope_in_use": true,
            "telescope_arrays_used": 18,
            "observations_waiting": 1
        },
        "scheduler_state": {}
    },
    {
        "timestamp": 30,
        "cluster_state": {
            "arrived_workflows": 0,
            "unfinished_workflows": 0,
            "finihsed_workflows": [],
            "machine_states": [
                {
                    "id": "cat0_m0",
                    "cpu_capacity": 7.0,
                    "memory_capacity": 1,
                    "disk_capacity": 1,
                    "cpu": 1.0,
                    "memory": 1.0,
                    "disk": 1.0,
                    "running_task_instances": 0,
                    "finished_task_instances": 0
                },
                {
                    "id": "cat1_m1",
                    "cpu_capacity": 6.0,
                    "memory_capacity": 1,
                    "disk_capacity": 1,
                    "cpu": 1.0,
                    "memory": 1.0,
                    "disk": 1.0,
                    "running_task_instances": 0,
                    "finished_task_instances": 0
                },
                {
                    "id": "cat2_m2",
                    "cpu_capacity": 11.0,
                    "memory_capacity": 1,
                    "disk_capacity": 1,
                    "cpu": 1.0,
                    "memory": 1.0,
                    "disk": 1.0,
                    "running_task_instances": 0,
                    "finished_task_instances": 0
                }
            ],
            "cpu": 1.0,
            "memory": 1.0,
            "disk": 1.0
        },
        "telescope_state": {
            "telescope_in_use": true,
            "telescope_arrays_used": 18,
            "observations_waiting": 1
        },
        "scheduler_state": {}
    },
    {
        "timestamp": 31,
        "cluster_state": {
            "arrived_workflows": 0,
            "unfinished_workflows": 0,
            "finihsed_workflows": [],
            "machine_states": [
                {
                    "id": "cat0_m0",
                    "cpu_capacity": 7.0,
                    "memory_capacity": 1,
                    "disk_capacity": 1,
                    "cpu": 1.0,
                    "memory": 1.0,
                    "disk": 1.0,
                    "running_task_instances": 0,
                    "finished_task_instances": 0
                },
                {
                    "id": "cat1_m1",
                    "cpu_capacity": 6.0,
                    "memory_capacity": 1,
                    "disk_capacity": 1,
                    "cpu": 1.0,
                    "memory": 1.0,
                    "disk": 1.0,
                    "running_task_instances": 0,
                    "finished_task_instances": 0
                },
                {
                    "id": "cat2_m2",
                    "cpu_capacity": 11.0,
                    "memory_capacity": 1,
                    "disk_capacity": 1,
                    "cpu": 1.0,
                    "memory": 1.0,
                    "disk": 1.0,
                    "running_task_instances": 0,
                    "finished_task_instances": 0
                }
            ],
            "cpu": 1.0,
            "memory": 1.0,
            "disk": 1.0
        },
        "telescope_state": {
            "telescope_in_use": true,
            "telescope_arrays_used": 18,
            "observations_waiting": 1
        },
        "scheduler_state": {}
    },
    {
        "timestamp": 32,
        "cluster_state": {
            "arrived_workflows": 0,
            "unfinished_workflows": 0,
            "finihsed_workflows": [],
            "machine_states": [
                {
                    "id": "cat0_m0",
                    "cpu_capacity": 7.0,
                    "memory_capacity": 1,
                    "disk_capacity": 1,
                    "cpu": 1.0,
                    "memory": 1.0,
                    "disk": 1.0,
                    "running_task_instances": 0,
                    "finished_task_instances": 0
                },
                {
                    "id": "cat1_m1",
                    "cpu_capacity": 6.0,
                    "memory_capacity": 1,
                    "disk_capacity": 1,
                    "cpu": 1.0,
                    "memory": 1.0,
                    "disk": 1.0,
                    "running_task_instances": 0,
                    "finished_task_instances": 0
                },
                {
                    "id": "cat2_m2",
                    "cpu_capacity": 11.0,
                    "memory_capacity": 1,
                    "disk_capacity": 1,
                    "cpu": 1.0,
                    "memory": 1.0,
                    "disk": 1.0,
                    "running_task_instances": 0,
                    "finished_task_instances": 0
                }
            ],
            "cpu": 1.0,
            "memory": 1.0,
            "disk": 1.0
        },
        "telescope_state": {
            "telescope_in_use": true,
            "telescope_arrays_used": 18,
            "observations_waiting": 1
        },
        "scheduler_state": {}
    },
    {
        "timestamp": 33,
        "cluster_state": {
            "arrived_workflows": 0,
            "unfinished_workflows": 0,
            "finihsed_workflows": [],
            "machine_states": [
                {
                    "id": "cat0_m0",
                    "cpu_capacity": 7.0,
                    "memory_capacity": 1,
                    "disk_capacity": 1,
                    "cpu": 1.0,
                    "memory": 1.0,
                    "disk": 1.0,
                    "running_task_instances": 0,
                    "finished_task_instances": 0
                },
                {
                    "id": "cat1_m1",
                    "cpu_capacity": 6.0,
                    "memory_capacity": 1,
                    "disk_capacity": 1,
                    "cpu": 1.0,
                    "memory": 1.0,
                    "disk": 1.0,
                    "running_task_instances": 0,
                    "finished_task_instances": 0
                },
                {
                    "id": "cat2_m2",
                    "cpu_capacity": 11.0,
                    "memory_capacity": 1,
                    "disk_capacity": 1,
                    "cpu": 1.0,
                    "memory": 1.0,
                    "disk": 1.0,
                    "running_task_instances": 0,
                    "finished_task_instances": 0
                }
            ],
            "cpu": 1.0,
            "memory": 1.0,
            "disk": 1.0
        },
        "telescope_state": {
            "telescope_in_use": true,
            "telescope_arrays_used": 18,
            "observations_waiting": 1
        },
        "scheduler_state": {}
    },
    {
        "timestamp": 34,
        "cluster_state": {
            "arrived_workflows": 0,
            "unfinished_workflows": 0,
            "finihsed_workflows": [],
            "machine_states": [
                {
                    "id": "cat0_m0",
                    "cpu_capacity": 7.0,
                    "memory_capacity": 1,
                    "disk_capacity": 1,
                    "cpu": 1.0,
                    "memory": 1.0,
                    "disk": 1.0,
                    "running_task_instances": 0,
                    "finished_task_instances": 0
                },
                {
                    "id": "cat1_m1",
                    "cpu_capacity": 6.0,
                    "memory_capacity": 1,
                    "disk_capacity": 1,
                    "cpu": 1.0,
                    "memory": 1.0,
                    "disk": 1.0,
                    "running_task_instances": 0,
                    "finished_task_instances": 0
                },
                {
                    "id": "cat2_m2",
                    "cpu_capacity": 11.0,
                    "memory_capacity": 1,
                    "disk_capacity": 1,
                    "cpu": 1.0,
                    "memory": 1.0,
                    "disk": 1.0,
                    "running_task_instances": 0,
                    "finished_task_instances": 0
                }
            ],
            "cpu": 1.0,
            "memory": 1.0,
            "disk": 1.0
        },
        "telescope_state": {
            "telescope_in_use": true,
            "telescope_arrays_used": 18,
            "observations_waiting": 1
        },
        "scheduler_state": {}
    },
    {
        "timestamp": 35,
        "cluster_state": {
            "arrived_workflows": 0,
            "unfinished_workflows": 0,
            "finihsed_workflows": [],
            "machine_states": [
                {
                    "id": "cat0_m0",
                    "cpu_capacity": 7.0,
                    "memory_capacity": 1,
                    "disk_capacity": 1,
                    "cpu": 1.0,
                    "memory": 1.0,
                    "disk": 1.0,
                    "running_task_instances": 0,
                    "finished_task_instances": 0
                },
                {
                    "id": "cat1_m1",
                    "cpu_capacity": 6.0,
                    "memory_capacity": 1,
                    "disk_capacity": 1,
                    "cpu": 1.0,
                    "memory": 1.0,
                    "disk": 1.0,
                    "running_task_instances": 0,
                    "finished_task_instances": 0
                },
                {
                    "id": "cat2_m2",
                    "cpu_capacity": 11.0,
                    "memory_capacity": 1,
                    "disk_capacity": 1,
                    "cpu": 1.0,
                    "memory": 1.0,
                    "disk": 1.0,
                    "running_task_instances": 0,
                    "finished_task_instances": 0
                }
            ],
            "cpu": 1.0,
            "memory": 1.0,
            "disk": 1.0
        },
        "telescope_state": {
            "telescope_in_use": true,
            "telescope_arrays_used": 18,
            "observations_waiting": 1
        },
        "scheduler_state": {}
    },
    {
        "timestamp": 36,
        "cluster_state": {
            "arrived_workflows": 0,
            "unfinished_workflows": 0,
            "finihsed_workflows": [],
            "machine_states": [
                {
                    "id": "cat0_m0",
                    "cpu_capacity": 7.0,
                    "memory_capacity": 1,
                    "disk_capacity": 1,
                    "cpu": 1.0,
                    "memory": 1.0,
                    "disk": 1.0,
                    "running_task_instances": 0,
                    "finished_task_instances": 0
                },
                {
                    "id": "cat1_m1",
                    "cpu_capacity": 6.0,
                    "memory_capacity": 1,
                    "disk_capacity": 1,
                    "cpu": 1.0,
                    "memory": 1.0,
                    "disk": 1.0,
                    "running_task_instances": 0,
                    "finished_task_instances": 0
                },
                {
                    "id": "cat2_m2",
                    "cpu_capacity": 11.0,
                    "memory_capacity": 1,
                    "disk_capacity": 1,
                    "cpu": 1.0,
                    "memory": 1.0,
                    "disk": 1.0,
                    "running_task_instances": 0,
                    "finished_task_instances": 0
                }
            ],
            "cpu": 1.0,
            "memory": 1.0,
            "disk": 1.0
        },
        "telescope_state": {
            "telescope_in_use": true,
            "telescope_arrays_used": 18,
            "observations_waiting": 1
        },
        "scheduler_state": {}
    },
    {
        "timestamp": 37,
        "cluster_state": {
            "arrived_workflows": 0,
            "unfinished_workflows": 0,
            "finihsed_workflows": [],
            "machine_states": [
                {
                    "id": "cat0_m0",
                    "cpu_capacity": 7.0,
                    "memory_capacity": 1,
                    "disk_capacity": 1,
                    "cpu": 1.0,
                    "memory": 1.0,
                    "disk": 1.0,
                    "running_task_instances": 0,
                    "finished_task_instances": 0
                },
                {
                    "id": "cat1_m1",
                    "cpu_capacity": 6.0,
                    "memory_capacity": 1,
                    "disk_capacity": 1,
                    "cpu": 1.0,
                    "memory": 1.0,
                    "disk": 1.0,
                    "running_task_instances": 0,
                    "finished_task_instances": 0
                },
                {
                    "id": "cat2_m2",
                    "cpu_capacity": 11.0,
                    "memory_capacity": 1,
                    "disk_capacity": 1,
                    "cpu": 1.0,
                    "memory": 1.0,
                    "disk": 1.0,
                    "running_task_instances": 0,
                    "finished_task_instances": 0
                }
            ],
            "cpu": 1.0,
            "memory": 1.0,
            "disk": 1.0
        },
        "telescope_state": {
            "telescope_in_use": true,
            "telescope_arrays_used": 18,
            "observations_waiting": 1
        },
        "scheduler_state": {}
    },
    {
        "timestamp": 38,
        "cluster_state": {
            "arrived_workflows": 0,
            "unfinished_workflows": 0,
            "finihsed_workflows": [],
            "machine_states": [
                {
                    "id": "cat0_m0",
                    "cpu_capacity": 7.0,
                    "memory_capacity": 1,
                    "disk_capacity": 1,
                    "cpu": 1.0,
                    "memory": 1.0,
                    "disk": 1.0,
                    "running_task_instances": 0,
                    "finished_task_instances": 0
                },
                {
                    "id": "cat1_m1",
                    "cpu_capacity": 6.0,
                    "memory_capacity": 1,
                    "disk_capacity": 1,
                    "cpu": 1.0,
                    "memory": 1.0,
                    "disk": 1.0,
                    "running_task_instances": 0,
                    "finished_task_instances": 0
                },
                {
                    "id": "cat2_m2",
                    "cpu_capacity": 11.0,
                    "memory_capacity": 1,
                    "disk_capacity": 1,
                    "cpu": 1.0,
                    "memory": 1.0,
                    "disk": 1.0,
                    "running_task_instances": 0,
                    "finished_task_instances": 0
                }
            ],
            "cpu": 1.0,
            "memory": 1.0,
            "disk": 1.0
        },
        "telescope_state": {
            "telescope_in_use": true,
            "telescope_arrays_used": 18,
            "observations_waiting": 1
        },
        "scheduler_state": {}
    },
    {
        "timestamp": 39,
        "cluster_state": {
            "arrived_workflows": 0,
            "unfinished_workflows": 0,
            "finihsed_workflows": [],
            "machine_states": [
                {
                    "id": "cat0_m0",
                    "cpu_capacity": 7.0,
                    "memory_capacity": 1,
                    "disk_capacity": 1,
                    "cpu": 1.0,
                    "memory": 1.0,
                    "disk": 1.0,
                    "running_task_instances": 0,
                    "finished_task_instances": 0
                },
                {
                    "id": "cat1_m1",
                    "cpu_capacity": 6.0,
                    "memory_capacity": 1,
                    "disk_capacity": 1,
                    "cpu": 1.0,
                    "memory": 1.0,
                    "disk": 1.0,
                    "running_task_instances": 0,
                    "finished_task_instances": 0
                },
                {
                    "id": "cat2_m2",
                    "cpu_capacity": 11.0,
                    "memory_capacity": 1,
                    "disk_capacity": 1,
                    "cpu": 1.0,
                    "memory": 1.0,
                    "disk": 1.0,
                    "running_task_instances": 0,
                    "finished_task_instances": 0
                }
            ],
            "cpu": 1.0,
            "memory": 1.0,
            "disk": 1.0
        },
        "telescope_state": {
            "telescope_in_use": true,
            "telescope_arrays_used": 18,
            "observations_waiting": 1
        },
        "scheduler_state": {}
    },
    {
        "timestamp": 40,
        "cluster_state": {
            "arrived_workflows": 0,
            "unfinished_workflows": 0,
            "finihsed_workflows": [],
            "machine_states": [
                {
                    "id": "cat0_m0",
                    "cpu_capacity": 7.0,
                    "memory_capacity": 1,
                    "disk_capacity": 1,
                    "cpu": 1.0,
                    "memory": 1.0,
                    "disk": 1.0,
                    "running_task_instances": 0,
                    "finished_task_instances": 0
                },
                {
                    "id": "cat1_m1",
                    "cpu_capacity": 6.0,
                    "memory_capacity": 1,
                    "disk_capacity": 1,
                    "cpu": 1.0,
                    "memory": 1.0,
                    "disk": 1.0,
                    "running_task_instances": 0,
                    "finished_task_instances": 0
                },
                {
                    "id": "cat2_m2",
                    "cpu_capacity": 11.0,
                    "memory_capacity": 1,
                    "disk_capacity": 1,
                    "cpu": 1.0,
                    "memory": 1.0,
                    "disk": 1.0,
                    "running_task_instances": 0,
                    "finished_task_instances": 0
                }
            ],
            "cpu": 1.0,
            "memory": 1.0,
            "disk": 1.0
        },
        "telescope_state": {
            "telescope_in_use": true,
            "telescope_arrays_used": 18,
            "observations_waiting": 1
        },
        "scheduler_state": {}
    },
    {
        "timestamp": 41,
        "cluster_state": {
            "arrived_workflows": 0,
            "unfinished_workflows": 0,
            "finihsed_workflows": [],
            "machine_states": [
                {
                    "id": "cat0_m0",
                    "cpu_capacity": 7.0,
                    "memory_capacity": 1,
                    "disk_capacity": 1,
                    "cpu": 1.0,
                    "memory": 1.0,
                    "disk": 1.0,
                    "running_task_instances": 0,
                    "finished_task_instances": 0
                },
                {
                    "id": "cat1_m1",
                    "cpu_capacity": 6.0,
                    "memory_capacity": 1,
                    "disk_capacity": 1,
                    "cpu": 1.0,
                    "memory": 1.0,
                    "disk": 1.0,
                    "running_task_instances": 0,
                    "finished_task_instances": 0
                },
                {
                    "id": "cat2_m2",
                    "cpu_capacity": 11.0,
                    "memory_capacity": 1,
                    "disk_capacity": 1,
                    "cpu": 1.0,
                    "memory": 1.0,
                    "disk": 1.0,
                    "running_task_instances": 0,
                    "finished_task_instances": 0
                }
            ],
            "cpu": 1.0,
            "memory": 1.0,
            "disk": 1.0
        },
        "telescope_state": {
            "telescope_in_use": true,
            "telescope_arrays_used": 18,
            "observations_waiting": 1
        },
        "scheduler_state": {}
    },
    {
        "timestamp": 42,
        "cluster_state": {
            "arrived_workflows": 0,
            "unfinished_workflows": 0,
            "finihsed_workflows": [],
            "machine_states": [
                {
                    "id": "cat0_m0",
                    "cpu_capacity": 7.0,
                    "memory_capacity": 1,
                    "disk_capacity": 1,
                    "cpu": 1.0,
                    "memory": 1.0,
                    "disk": 1.0,
                    "running_task_instances": 0,
                    "finished_task_instances": 0
                },
                {
                    "id": "cat1_m1",
                    "cpu_capacity": 6.0,
                    "memory_capacity": 1,
                    "disk_capacity": 1,
                    "cpu": 1.0,
                    "memory": 1.0,
                    "disk": 1.0,
                    "running_task_instances": 0,
                    "finished_task_instances": 0
                },
                {
                    "id": "cat2_m2",
                    "cpu_capacity": 11.0,
                    "memory_capacity": 1,
                    "disk_capacity": 1,
                    "cpu": 1.0,
                    "memory": 1.0,
                    "disk": 1.0,
                    "running_task_instances": 0,
                    "finished_task_instances": 0
                }
            ],
            "cpu": 1.0,
            "memory": 1.0,
            "disk": 1.0
        },
        "telescope_state": {
            "telescope_in_use": true,
            "telescope_arrays_used": 18,
            "observations_waiting": 1
        },
        "scheduler_state": {}
    },
    {
        "timestamp": 43,
        "cluster_state": {
            "arrived_workflows": 0,
            "unfinished_workflows": 0,
            "finihsed_workflows": [],
            "machine_states": [
                {
                    "id": "cat0_m0",
                    "cpu_capacity": 7.0,
                    "memory_capacity": 1,
                    "disk_capacity": 1,
                    "cpu": 1.0,
                    "memory": 1.0,
                    "disk": 1.0,
                    "running_task_instances": 0,
                    "finished_task_instances": 0
                },
                {
                    "id": "cat1_m1",
                    "cpu_capacity": 6.0,
                    "memory_capacity": 1,
                    "disk_capacity": 1,
                    "cpu": 1.0,
                    "memory": 1.0,
                    "disk": 1.0,
                    "running_task_instances": 0,
                    "finished_task_instances": 0
                },
                {
                    "id": "cat2_m2",
                    "cpu_capacity": 11.0,
                    "memory_capacity": 1,
                    "disk_capacity": 1,
                    "cpu": 1.0,
                    "memory": 1.0,
                    "disk": 1.0,
                    "running_task_instances": 0,
                    "finished_task_instances": 0
                }
            ],
            "cpu": 1.0,
            "memory": 1.0,
            "disk": 1.0
        },
        "telescope_state": {
            "telescope_in_use": true,
            "telescope_arrays_used": 18,
            "observations_waiting": 1
        },
        "scheduler_state": {}
    },
    {
        "timestamp": 44,
        "cluster_state": {
            "arrived_workflows": 0,
            "unfinished_workflows": 0,
            "finihsed_workflows": [],
            "machine_states": [
                {
                    "id": "cat0_m0",
                    "cpu_capacity": 7.0,
                    "memory_capacity": 1,
                    "disk_capacity": 1,
                    "cpu": 1.0,
                    "memory": 1.0,
                    "disk": 1.0,
                    "running_task_instances": 0,
                    "finished_task_instances": 0
                },
                {
                    "id": "cat1_m1",
                    "cpu_capacity": 6.0,
                    "memory_capacity": 1,
                    "disk_capacity": 1,
                    "cpu": 1.0,
                    "memory": 1.0,
                    "disk": 1.0,
                    "running_task_instances": 0,
                    "finished_task_instances": 0
                },
                {
                    "id": "cat2_m2",
                    "cpu_capacity": 11.0,
                    "memory_capacity": 1,
                    "disk_capacity": 1,
                    "cpu": 1.0,
                    "memory": 1.0,
                    "disk": 1.0,
                    "running_task_instances": 0,
                    "finished_task_instances": 0
                }
            ],
            "cpu": 1.0,
            "memory": 1.0,
            "disk": 1.0
        },
        "telescope_state": {
            "telescope_in_use": true,
            "telescope_arrays_used": 18,
            "observations_waiting": 1
        },
        "scheduler_state": {}
    },
    {
        "timestamp": 45,
        "cluster_state": {
            "arrived_workflows": 0,
            "unfinished_workflows": 0,
            "finihsed_workflows": [],
            "machine_states": [
                {
                    "id": "cat0_m0",
                    "cpu_capacity": 7.0,
                    "memory_capacity": 1,
                    "disk_capacity": 1,
                    "cpu": 1.0,
                    "memory": 1.0,
                    "disk": 1.0,
                    "running_task_instances": 0,
                    "finished_task_instances": 0
                },
                {
                    "id": "cat1_m1",
                    "cpu_capacity": 6.0,
                    "memory_capacity": 1,
                    "disk_capacity": 1,
                    "cpu": 1.0,
                    "memory": 1.0,
                    "disk": 1.0,
                    "running_task_instances": 0,
                    "finished_task_instances": 0
                },
                {
                    "id": "cat2_m2",
                    "cpu_capacity": 11.0,
                    "memory_capacity": 1,
                    "disk_capacity": 1,
                    "cpu": 1.0,
                    "memory": 1.0,
                    "disk": 1.0,
                    "running_task_instances": 0,
                    "finished_task_instances": 0
                }
            ],
            "cpu": 1.0,
            "memory": 1.0,
            "disk": 1.0
        },
        "telescope_state": {
            "telescope_in_use": true,
            "telescope_arrays_used": 18,
            "observations_waiting": 1
        },
        "scheduler_state": {}
    },
    {
        "timestamp": 46,
        "cluster_state": {
            "arrived_workflows": 0,
            "unfinished_workflows": 0,
            "finihsed_workflows": [],
            "machine_states": [
                {
                    "id": "cat0_m0",
                    "cpu_capacity": 7.0,
                    "memory_capacity": 1,
                    "disk_capacity": 1,
                    "cpu": 1.0,
                    "memory": 1.0,
                    "disk": 1.0,
                    "running_task_instances": 0,
                    "finished_task_instances": 0
                },
                {
                    "id": "cat1_m1",
                    "cpu_capacity": 6.0,
                    "memory_capacity": 1,
                    "disk_capacity": 1,
                    "cpu": 1.0,
                    "memory": 1.0,
                    "disk": 1.0,
                    "running_task_instances": 0,
                    "finished_task_instances": 0
                },
                {
                    "id": "cat2_m2",
                    "cpu_capacity": 11.0,
                    "memory_capacity": 1,
                    "disk_capacity": 1,
                    "cpu": 1.0,
                    "memory": 1.0,
                    "disk": 1.0,
                    "running_task_instances": 0,
                    "finished_task_instances": 0
                }
            ],
            "cpu": 1.0,
            "memory": 1.0,
            "disk": 1.0
        },
        "telescope_state": {
            "telescope_in_use": true,
            "telescope_arrays_used": 18,
            "observations_waiting": 1
        },
        "scheduler_state": {}
    },
    {
        "timestamp": 47,
        "cluster_state": {
            "arrived_workflows": 0,
            "unfinished_workflows": 0,
            "finihsed_workflows": [],
            "machine_states": [
                {
                    "id": "cat0_m0",
                    "cpu_capacity": 7.0,
                    "memory_capacity": 1,
                    "disk_capacity": 1,
                    "cpu": 1.0,
                    "memory": 1.0,
                    "disk": 1.0,
                    "running_task_instances": 0,
                    "finished_task_instances": 0
                },
                {
                    "id": "cat1_m1",
                    "cpu_capacity": 6.0,
                    "memory_capacity": 1,
                    "disk_capacity": 1,
                    "cpu": 1.0,
                    "memory": 1.0,
                    "disk": 1.0,
                    "running_task_instances": 0,
                    "finished_task_instances": 0
                },
                {
                    "id": "cat2_m2",
                    "cpu_capacity": 11.0,
                    "memory_capacity": 1,
                    "disk_capacity": 1,
                    "cpu": 1.0,
                    "memory": 1.0,
                    "disk": 1.0,
                    "running_task_instances": 0,
                    "finished_task_instances": 0
                }
            ],
            "cpu": 1.0,
            "memory": 1.0,
            "disk": 1.0
        },
        "telescope_state": {
            "telescope_in_use": true,
            "telescope_arrays_used": 18,
            "observations_waiting": 1
        },
        "scheduler_state": {}
    },
    {
        "timestamp": 48,
        "cluster_state": {
            "arrived_workflows": 0,
            "unfinished_workflows": 0,
            "finihsed_workflows": [],
            "machine_states": [
                {
                    "id": "cat0_m0",
                    "cpu_capacity": 7.0,
                    "memory_capacity": 1,
                    "disk_capacity": 1,
                    "cpu": 1.0,
                    "memory": 1.0,
                    "disk": 1.0,
                    "running_task_instances": 0,
                    "finished_task_instances": 0
                },
                {
                    "id": "cat1_m1",
                    "cpu_capacity": 6.0,
                    "memory_capacity": 1,
                    "disk_capacity": 1,
                    "cpu": 1.0,
                    "memory": 1.0,
                    "disk": 1.0,
                    "running_task_instances": 0,
                    "finished_task_instances": 0
                },
                {
                    "id": "cat2_m2",
                    "cpu_capacity": 11.0,
                    "memory_capacity": 1,
                    "disk_capacity": 1,
                    "cpu": 1.0,
                    "memory": 1.0,
                    "disk": 1.0,
                    "running_task_instances": 0,
                    "finished_task_instances": 0
                }
            ],
            "cpu": 1.0,
            "memory": 1.0,
            "disk": 1.0
        },
        "telescope_state": {
            "telescope_in_use": true,
            "telescope_arrays_used": 18,
            "observations_waiting": 1
        },
        "scheduler_state": {}
    },
    {
        "timestamp": 49,
        "cluster_state": {
            "arrived_workflows": 0,
            "unfinished_workflows": 0,
            "finihsed_workflows": [],
            "machine_states": [
                {
                    "id": "cat0_m0",
                    "cpu_capacity": 7.0,
                    "memory_capacity": 1,
                    "disk_capacity": 1,
                    "cpu": 1.0,
                    "memory": 1.0,
                    "disk": 1.0,
                    "running_task_instances": 0,
                    "finished_task_instances": 0
                },
                {
                    "id": "cat1_m1",
                    "cpu_capacity": 6.0,
                    "memory_capacity": 1,
                    "disk_capacity": 1,
                    "cpu": 1.0,
                    "memory": 1.0,
                    "disk": 1.0,
                    "running_task_instances": 0,
                    "finished_task_instances": 0
                },
                {
                    "id": "cat2_m2",
                    "cpu_capacity": 11.0,
                    "memory_capacity": 1,
                    "disk_capacity": 1,
                    "cpu": 1.0,
                    "memory": 1.0,
                    "disk": 1.0,
                    "running_task_instances": 0,
                    "finished_task_instances": 0
                }
            ],
            "cpu": 1.0,
            "memory": 1.0,
            "disk": 1.0
        },
        "telescope_state": {
            "telescope_in_use": true,
            "telescope_arrays_used": 18,
            "observations_waiting": 1
        },
        "scheduler_state": {}
    },
    {
        "timestamp": 50,
        "cluster_state": {
            "arrived_workflows": 0,
            "unfinished_workflows": 0,
            "finihsed_workflows": [],
            "machine_states": [
                {
                    "id": "cat0_m0",
                    "cpu_capacity": 7.0,
                    "memory_capacity": 1,
                    "disk_capacity": 1,
                    "cpu": 1.0,
                    "memory": 1.0,
                    "disk": 1.0,
                    "running_task_instances": 0,
                    "finished_task_instances": 0
                },
                {
                    "id": "cat1_m1",
                    "cpu_capacity": 6.0,
                    "memory_capacity": 1,
                    "disk_capacity": 1,
                    "cpu": 1.0,
                    "memory": 1.0,
                    "disk": 1.0,
                    "running_task_instances": 0,
                    "finished_task_instances": 0
                },
                {
                    "id": "cat2_m2",
                    "cpu_capacity": 11.0,
                    "memory_capacity": 1,
                    "disk_capacity": 1,
                    "cpu": 1.0,
                    "memory": 1.0,
                    "disk": 1.0,
                    "running_task_instances": 0,
                    "finished_task_instances": 0
                }
            ],
            "cpu": 1.0,
            "memory": 1.0,
            "disk": 1.0
        },
        "telescope_state": {
            "telescope_in_use": true,
            "telescope_arrays_used": 18,
            "observations_waiting": 1
        },
        "scheduler_state": {}
    },
    {
        "timestamp": 51,
        "cluster_state": {
            "arrived_workflows": 0,
            "unfinished_workflows": 0,
            "finihsed_workflows": [],
            "machine_states": [
                {
                    "id": "cat0_m0",
                    "cpu_capacity": 7.0,
                    "memory_capacity": 1,
                    "disk_capacity": 1,
                    "cpu": 1.0,
                    "memory": 1.0,
                    "disk": 1.0,
                    "running_task_instances": 0,
                    "finished_task_instances": 0
                },
                {
                    "id": "cat1_m1",
                    "cpu_capacity": 6.0,
                    "memory_capacity": 1,
                    "disk_capacity": 1,
                    "cpu": 1.0,
                    "memory": 1.0,
                    "disk": 1.0,
                    "running_task_instances": 0,
                    "finished_task_instances": 0
                },
                {
                    "id": "cat2_m2",
                    "cpu_capacity": 11.0,
                    "memory_capacity": 1,
                    "disk_capacity": 1,
                    "cpu": 1.0,
                    "memory": 1.0,
                    "disk": 1.0,
                    "running_task_instances": 0,
                    "finished_task_instances": 0
                }
            ],
            "cpu": 1.0,
            "memory": 1.0,
            "disk": 1.0
        },
        "telescope_state": {
            "telescope_in_use": true,
            "telescope_arrays_used": 18,
            "observations_waiting": 1
        },
        "scheduler_state": {}
    },
    {
        "timestamp": 52,
        "cluster_state": {
            "arrived_workflows": 0,
            "unfinished_workflows": 0,
            "finihsed_workflows": [],
            "machine_states": [
                {
                    "id": "cat0_m0",
                    "cpu_capacity": 7.0,
                    "memory_capacity": 1,
                    "disk_capacity": 1,
                    "cpu": 1.0,
                    "memory": 1.0,
                    "disk": 1.0,
                    "running_task_instances": 0,
                    "finished_task_instances": 0
                },
                {
                    "id": "cat1_m1",
                    "cpu_capacity": 6.0,
                    "memory_capacity": 1,
                    "disk_capacity": 1,
                    "cpu": 1.0,
                    "memory": 1.0,
                    "disk": 1.0,
                    "running_task_instances": 0,
                    "finished_task_instances": 0
                },
                {
                    "id": "cat2_m2",
                    "cpu_capacity": 11.0,
                    "memory_capacity": 1,
                    "disk_capacity": 1,
                    "cpu": 1.0,
                    "memory": 1.0,
                    "disk": 1.0,
                    "running_task_instances": 0,
                    "finished_task_instances": 0
                }
            ],
            "cpu": 1.0,
            "memory": 1.0,
            "disk": 1.0
        },
        "telescope_state": {
            "telescope_in_use": false,
            "telescope_arrays_used": 0,
            "observations_waiting": 0
        },
        "scheduler_state": {}
    },
    {
        "timestamp": 53,
        "cluster_state": {
            "arrived_workflows": 0,
            "unfinished_workflows": 0,
            "finihsed_workflows": [],
            "machine_states": [
                {
                    "id": "cat0_m0",
                    "cpu_capacity": 7.0,
                    "memory_capacity": 1,
                    "disk_capacity": 1,
                    "cpu": 1.0,
                    "memory": 1.0,
                    "disk": 1.0,
                    "running_task_instances": 0,
                    "finished_task_instances": 0
                },
                {
                    "id": "cat1_m1",
                    "cpu_capacity": 6.0,
                    "memory_capacity": 1,
                    "disk_capacity": 1,
                    "cpu": 1.0,
                    "memory": 1.0,
                    "disk": 1.0,
                    "running_task_instances": 0,
                    "finished_task_instances": 0
                },
                {
                    "id": "cat2_m2",
                    "cpu_capacity": 11.0,
                    "memory_capacity": 1,
                    "disk_capacity": 1,
                    "cpu": 1.0,
                    "memory": 1.0,
                    "disk": 1.0,
                    "running_task_instances": 0,
                    "finished_task_instances": 0
                }
            ],
            "cpu": 1.0,
            "memory": 1.0,
            "disk": 1.0
        },
        "telescope_state": {
            "telescope_in_use": false,
            "telescope_arrays_used": 0,
            "observations_waiting": 0
        },
        "scheduler_state": {}
    },
    {
        "timestamp": 54,
        "cluster_state": {
            "arrived_workflows": 0,
            "unfinished_workflows": 0,
            "finihsed_workflows": [],
            "machine_states": [
                {
                    "id": "cat0_m0",
                    "cpu_capacity": 7.0,
                    "memory_capacity": 1,
                    "disk_capacity": 1,
                    "cpu": 1.0,
                    "memory": 1.0,
                    "disk": 1.0,
                    "running_task_instances": 0,
                    "finished_task_instances": 0
                },
                {
                    "id": "cat1_m1",
                    "cpu_capacity": 6.0,
                    "memory_capacity": 1,
                    "disk_capacity": 1,
                    "cpu": 1.0,
                    "memory": 1.0,
                    "disk": 1.0,
                    "running_task_instances": 0,
                    "finished_task_instances": 0
                },
                {
                    "id": "cat2_m2",
                    "cpu_capacity": 11.0,
                    "memory_capacity": 1,
                    "disk_capacity": 1,
                    "cpu": 1.0,
                    "memory": 1.0,
                    "disk": 1.0,
                    "running_task_instances": 0,
                    "finished_task_instances": 0
                }
            ],
            "cpu": 1.0,
            "memory": 1.0,
            "disk": 1.0
        },
        "telescope_state": {
            "telescope_in_use": false,
            "telescope_arrays_used": 0,
            "observations_waiting": 0
        },
        "scheduler_state": {}
    },
    {
        "timestamp": 55,
        "cluster_state": {
            "arrived_workflows": 0,
            "unfinished_workflows": 0,
            "finihsed_workflows": [],
            "machine_states": [
                {
                    "id": "cat0_m0",
                    "cpu_capacity": 7.0,
                    "memory_capacity": 1,
                    "disk_capacity": 1,
                    "cpu": 1.0,
                    "memory": 1.0,
                    "disk": 1.0,
                    "running_task_instances": 0,
                    "finished_task_instances": 0
                },
                {
                    "id": "cat1_m1",
                    "cpu_capacity": 6.0,
                    "memory_capacity": 1,
                    "disk_capacity": 1,
                    "cpu": 1.0,
                    "memory": 1.0,
                    "disk": 1.0,
                    "running_task_instances": 0,
                    "finished_task_instances": 0
                },
                {
                    "id": "cat2_m2",
                    "cpu_capacity": 11.0,
                    "memory_capacity": 1,
                    "disk_capacity": 1,
                    "cpu": 1.0,
                    "memory": 1.0,
                    "disk": 1.0,
                    "running_task_instances": 0,
                    "finished_task_instances": 0
                }
            ],
            "cpu": 1.0,
            "memory": 1.0,
            "disk": 1.0
        },
        "telescope_state": {
            "telescope_in_use": false,
            "telescope_arrays_used": 0,
            "observations_waiting": 0
        },
        "scheduler_state": {}
    },
    {
        "timestamp": 56,
        "cluster_state": {
            "arrived_workflows": 0,
            "unfinished_workflows": 0,
            "finihsed_workflows": [],
            "machine_states": [
                {
                    "id": "cat0_m0",
                    "cpu_capacity": 7.0,
                    "memory_capacity": 1,
                    "disk_capacity": 1,
                    "cpu": 1.0,
                    "memory": 1.0,
                    "disk": 1.0,
                    "running_task_instances": 0,
                    "finished_task_instances": 0
                },
                {
                    "id": "cat1_m1",
                    "cpu_capacity": 6.0,
                    "memory_capacity": 1,
                    "disk_capacity": 1,
                    "cpu": 1.0,
                    "memory": 1.0,
                    "disk": 1.0,
                    "running_task_instances": 0,
                    "finished_task_instances": 0
                },
                {
                    "id": "cat2_m2",
                    "cpu_capacity": 11.0,
                    "memory_capacity": 1,
                    "disk_capacity": 1,
                    "cpu": 1.0,
                    "memory": 1.0,
                    "disk": 1.0,
                    "running_task_instances": 0,
                    "finished_task_instances": 0
                }
            ],
            "cpu": 1.0,
            "memory": 1.0,
            "disk": 1.0
        },
        "telescope_state": {
            "telescope_in_use": false,
            "telescope_arrays_used": 0,
            "observations_waiting": 0
        },
        "scheduler_state": {}
    },
    {
        "timestamp": 57,
        "cluster_state": {
            "arrived_workflows": 0,
            "unfinished_workflows": 0,
            "finihsed_workflows": [],
            "machine_states": [
                {
                    "id": "cat0_m0",
                    "cpu_capacity": 7.0,
                    "memory_capacity": 1,
                    "disk_capacity": 1,
                    "cpu": 1.0,
                    "memory": 1.0,
                    "disk": 1.0,
                    "running_task_instances": 0,
                    "finished_task_instances": 0
                },
                {
                    "id": "cat1_m1",
                    "cpu_capacity": 6.0,
                    "memory_capacity": 1,
                    "disk_capacity": 1,
                    "cpu": 1.0,
                    "memory": 1.0,
                    "disk": 1.0,
                    "running_task_instances": 0,
                    "finished_task_instances": 0
                },
                {
                    "id": "cat2_m2",
                    "cpu_capacity": 11.0,
                    "memory_capacity": 1,
                    "disk_capacity": 1,
                    "cpu": 1.0,
                    "memory": 1.0,
                    "disk": 1.0,
                    "running_task_instances": 0,
                    "finished_task_instances": 0
                }
            ],
            "cpu": 1.0,
            "memory": 1.0,
            "disk": 1.0
        },
        "telescope_state": {
            "telescope_in_use": false,
            "telescope_arrays_used": 0,
            "observations_waiting": 0
        },
        "scheduler_state": {}
    },
    {
        "timestamp": 58,
        "cluster_state": {
            "arrived_workflows": 0,
            "unfinished_workflows": 0,
            "finihsed_workflows": [],
            "machine_states": [
                {
                    "id": "cat0_m0",
                    "cpu_capacity": 7.0,
                    "memory_capacity": 1,
                    "disk_capacity": 1,
                    "cpu": 1.0,
                    "memory": 1.0,
                    "disk": 1.0,
                    "running_task_instances": 0,
                    "finished_task_instances": 0
                },
                {
                    "id": "cat1_m1",
                    "cpu_capacity": 6.0,
                    "memory_capacity": 1,
                    "disk_capacity": 1,
                    "cpu": 1.0,
                    "memory": 1.0,
                    "disk": 1.0,
                    "running_task_instances": 0,
                    "finished_task_instances": 0
                },
                {
                    "id": "cat2_m2",
                    "cpu_capacity": 11.0,
                    "memory_capacity": 1,
                    "disk_capacity": 1,
                    "cpu": 1.0,
                    "memory": 1.0,
                    "disk": 1.0,
                    "running_task_instances": 0,
                    "finished_task_instances": 0
                }
            ],
            "cpu": 1.0,
            "memory": 1.0,
            "disk": 1.0
        },
        "telescope_state": {
            "telescope_in_use": false,
            "telescope_arrays_used": 0,
            "observations_waiting": 0
        },
        "scheduler_state": {}
    }
]