[
    {
        "cluster_state": {
            "machines": [
                {
                    "id": "cat0_m0",
                    "cpu": 84,
                    "memory": 1,
                    "disk": 1
                },
                {
                    "id": "cat0_m1",
                    "cpu": 84,
                    "memory": 1,
                    "disk": 1
                },
                {
                    "id": "cat0_m2",
                    "cpu": 84,
                    "memory": 1,
                    "disk": 1
                },
                {
                    "id": "cat0_m3",
                    "cpu": 84,
                    "memory": 1,
                    "disk": 1
                },
                {
                    "id": "cat0_m4",
                    "cpu": 84,
                    "memory": 1,
                    "disk": 1
                },
                {
                    "id": "cat0_m5",
                    "cpu": 84,
                    "memory": 1,
                    "disk": 1
                },
                {
                    "id": "cat0_m6",
                    "cpu": 84,
                    "memory": 1,
                    "disk": 1
                },
                {
                    "id": "cat0_m7",
                    "cpu": 84,
                    "memory": 1,
                    "disk": 1
                },
                {
                    "id": "cat0_m8",
                    "cpu": 84,
                    "memory": 1,
                    "disk": 1
                },
                {
                    "id": "cat0_m9",
                    "cpu": 84,
                    "memory": 1,
                    "disk": 1
                }
            ],
            "tasks": "{'running': [], 'finished': [], 'waiting': []}"
        },
        "instrument_state": {
            "telescope_in_use": false,
            "telescope_arrays_used": 0,
            "observations_waiting": 1
        },
        "scheduler_state": null
    },
    {
        "cluster_state": {
            "machines": [
                {
                    "id": "cat0_m0",
                    "cpu": 84,
                    "memory": 1,
                    "disk": 1
                },
                {
                    "id": "cat0_m1",
                    "cpu": 84,
                    "memory": 1,
                    "disk": 1
                },
                {
                    "id": "cat0_m2",
                    "cpu": 84,
                    "memory": 1,
                    "disk": 1
                },
                {
                    "id": "cat0_m3",
                    "cpu": 84,
                    "memory": 1,
                    "disk": 1
                },
                {
                    "id": "cat0_m4",
                    "cpu": 84,
                    "memory": 1,
                    "disk": 1
                },
                {
                    "id": "cat0_m5",
                    "cpu": 84,
                    "memory": 1,
                    "disk": 1
                },
                {
                    "id": "cat0_m6",
                    "cpu": 84,
                    "memory": 1,
                    "disk": 1
                },
                {
                    "id": "cat0_m7",
                    "cpu": 84,
                    "memory": 1,
                    "disk": 1
                },
                {
                    "id": "cat0_m8",
                    "cpu": 84,
                    "memory": 1,
                    "disk": 1
                },
                {
                    "id": "cat0_m9",
                    "cpu": 84,
                    "memory": 1,
                    "disk": 1
                }
            ],
            "tasks": "{'running': [ingest-t0-emu, ingest-t1-emu, ingest-t2-emu, ingest-t3-emu, ingest-t4-emu], 'finished': [], 'waiting': []}"
        },
        "instrument_state": {
            "telescope_in_use": true,
            "telescope_arrays_used": 36,
            "observations_waiting": 1
        },
        "scheduler_state": null
    },
    {
        "cluster_state": {
            "machines": [
                {
                    "id": "cat0_m0",
                    "cpu": 84,
                    "memory": 1,
                    "disk": 1
                },
                {
                    "id": "cat0_m1",
                    "cpu": 84,
                    "memory": 1,
                    "disk": 1
                },
                {
                    "id": "cat0_m2",
                    "cpu": 84,
                    "memory": 1,
                    "disk": 1
                },
                {
                    "id": "cat0_m3",
                    "cpu": 84,
                    "memory": 1,
                    "disk": 1
                },
                {
                    "id": "cat0_m4",
                    "cpu": 84,
                    "memory": 1,
                    "disk": 1
                },
                {
                    "id": "cat0_m5",
                    "cpu": 84,
                    "memory": 1,
                    "disk": 1
                },
                {
                    "id": "cat0_m6",
                    "cpu": 84,
                    "memory": 1,
                    "disk": 1
                },
                {
                    "id": "cat0_m7",
                    "cpu": 84,
                    "memory": 1,
                    "disk": 1
                },
                {
                    "id": "cat0_m8",
                    "cpu": 84,
                    "memory": 1,
                    "disk": 1
                },
                {
                    "id": "cat0_m9",
                    "cpu": 84,
                    "memory": 1,
                    "disk": 1
                }
            ],
            "tasks": "{'running': [ingest-t0-emu, ingest-t1-emu, ingest-t2-emu, ingest-t3-emu, ingest-t4-emu], 'finished': [], 'waiting': []}"
        },
        "instrument_state": {
            "telescope_in_use": true,
            "telescope_arrays_used": 36,
            "observations_waiting": 1
        },
        "scheduler_state": null
    },
    {
        "cluster_state": {
            "machines": [
                {
                    "id": "cat0_m0",
                    "cpu": 84,
                    "memory": 1,
                    "disk": 1
                },
                {
                    "id": "cat0_m1",
                    "cpu": 84,
                    "memory": 1,
                    "disk": 1
                },
                {
                    "id": "cat0_m2",
                    "cpu": 84,
                    "memory": 1,
                    "disk": 1
                },
                {
                    "id": "cat0_m3",
                    "cpu": 84,
                    "memory": 1,
                    "disk": 1
                },
                {
                    "id": "cat0_m4",
                    "cpu": 84,
                    "memory": 1,
                    "disk": 1
                },
                {
                    "id": "cat0_m5",
                    "cpu": 84,
                    "memory": 1,
                    "disk": 1
                },
                {
                    "id": "cat0_m6",
                    "cpu": 84,
                    "memory": 1,
                    "disk": 1
                },
                {
                    "id": "cat0_m7",
                    "cpu": 84,
                    "memory": 1,
                    "disk": 1
                },
                {
                    "id": "cat0_m8",
                    "cpu": 84,
                    "memory": 1,
                    "disk": 1
                },
                {
                    "id": "cat0_m9",
                    "cpu": 84,
                    "memory": 1,
                    "disk": 1
                }
            ],
            "tasks": "{'running': [ingest-t0-emu, ingest-t1-emu, ingest-t2-emu, ingest-t3-emu, ingest-t4-emu], 'finished': [], 'waiting': []}"
        },
        "instrument_state": {
            "telescope_in_use": true,
            "telescope_arrays_used": 36,
            "observations_waiting": 1
        },
        "scheduler_state": null
    },
    {
        "cluster_state": {
            "machines": [
                {
                    "id": "cat0_m0",
                    "cpu": 84,
                    "memory": 1,
                    "disk": 1
                },
                {
                    "id": "cat0_m1",
                    "cpu": 84,
                    "memory": 1,
                    "disk": 1
                },
                {
                    "id": "cat0_m2",
                    "cpu": 84,
                    "memory": 1,
                    "disk": 1
                },
                {
                    "id": "cat0_m3",
                    "cpu": 84,
                    "memory": 1,
                    "disk": 1
                },
                {
                    "id": "cat0_m4",
                    "cpu": 84,
                    "memory": 1,
                    "disk": 1
                },
                {
                    "id": "cat0_m5",
                    "cpu": 84,
                    "memory": 1,
                    "disk": 1
                },
                {
                    "id": "cat0_m6",
                    "cpu": 84,
                    "memory": 1,
                    "disk": 1
                },
                {
                    "id": "cat0_m7",
                    "cpu": 84,
                    "memory": 1,
                    "disk": 1
                },
                {
                    "id": "cat0_m8",
                    "cpu": 84,
                    "memory": 1,
                    "disk": 1
                },
                {
                    "id": "cat0_m9",
                    "cpu": 84,
                    "memory": 1,
                    "disk": 1
                }
            ],
            "tasks": "{'running': [ingest-t0-emu, ingest-t1-emu, ingest-t2-emu, ingest-t3-emu, ingest-t4-emu], 'finished': [], 'waiting': []}"
        },
        "instrument_state": {
            "telescope_in_use": true,
            "telescope_arrays_used": 36,
            "observations_waiting": 1
        },
        "scheduler_state": null
    },
    {
        "cluster_state": {
            "machines": [
                {
                    "id": "cat0_m0",
                    "cpu": 84,
                    "memory": 1,
                    "disk": 1
                },
                {
                    "id": "cat0_m1",
                    "cpu": 84,
                    "memory": 1,
                    "disk": 1
                },
                {
                    "id": "cat0_m2",
                    "cpu": 84,
                    "memory": 1,
                    "disk": 1
                },
                {
                    "id": "cat0_m3",
                    "cpu": 84,
                    "memory": 1,
                    "disk": 1
                },
                {
                    "id": "cat0_m4",
                    "cpu": 84,
                    "memory": 1,
                    "disk": 1
                },
                {
                    "id": "cat0_m5",
                    "cpu": 84,
                    "memory": 1,
                    "disk": 1
                },
                {
                    "id": "cat0_m6",
                    "cpu": 84,
                    "memory": 1,
                    "disk": 1
                },
                {
                    "id": "cat0_m7",
                    "cpu": 84,
                    "memory": 1,
                    "disk": 1
                },
                {
                    "id": "cat0_m8",
                    "cpu": 84,
                    "memory": 1,
                    "disk": 1
                },
                {
                    "id": "cat0_m9",
                    "cpu": 84,
                    "memory": 1,
                    "disk": 1
                }
            ],
            "tasks": "{'running': [ingest-t0-emu, ingest-t1-emu, ingest-t2-emu, ingest-t3-emu, ingest-t4-emu], 'finished': [], 'waiting': []}"
        },
        "instrument_state": {
            "telescope_in_use": true,
            "telescope_arrays_used": 36,
            "observations_waiting": 1
        },
        "scheduler_state": null
    },
    {
        "cluster_state": {
            "machines": [
                {
                    "id": "cat0_m0",
                    "cpu": 84,
                    "memory": 1,
                    "disk": 1
                },
                {
                    "id": "cat0_m1",
                    "cpu": 84,
                    "memory": 1,
                    "disk": 1
                },
                {
                    "id": "cat0_m2",
                    "cpu": 84,
                    "memory": 1,
                    "disk": 1
                },
                {
                    "id": "cat0_m3",
                    "cpu": 84,
                    "memory": 1,
                    "disk": 1
                },
                {
                    "id": "cat0_m4",
                    "cpu": 84,
                    "memory": 1,
                    "disk": 1
                },
                {
                    "id": "cat0_m5",
                    "cpu": 84,
                    "memory": 1,
                    "disk": 1
                },
                {
                    "id": "cat0_m6",
                    "cpu": 84,
                    "memory": 1,
                    "disk": 1
                },
                {
                    "id": "cat0_m7",
                    "cpu": 84,
                    "memory": 1,
                    "disk": 1
                },
                {
                    "id": "cat0_m8",
                    "cpu": 84,
                    "memory": 1,
                    "disk": 1
                },
                {
                    "id": "cat0_m9",
                    "cpu": 84,
                    "memory": 1,
                    "disk": 1
                }
            ],
            "tasks": "{'running': [ingest-t0-emu, ingest-t1-emu, ingest-t2-emu, ingest-t3-emu, ingest-t4-emu], 'finished': [], 'waiting': []}"
        },
        "instrument_state": {
            "telescope_in_use": true,
            "telescope_arrays_used": 36,
            "observations_waiting": 1
        },
        "scheduler_state": null
    },
    {
        "cluster_state": {
            "machines": [
                {
                    "id": "cat0_m0",
                    "cpu": 84,
                    "memory": 1,
                    "disk": 1
                },
                {
                    "id": "cat0_m1",
                    "cpu": 84,
                    "memory": 1,
                    "disk": 1
                },
                {
                    "id": "cat0_m2",
                    "cpu": 84,
                    "memory": 1,
                    "disk": 1
                },
                {
                    "id": "cat0_m3",
                    "cpu": 84,
                    "memory": 1,
                    "disk": 1
                },
                {
                    "id": "cat0_m4",
                    "cpu": 84,
                    "memory": 1,
                    "disk": 1
                },
                {
                    "id": "cat0_m5",
                    "cpu": 84,
                    "memory": 1,
                    "disk": 1
                },
                {
                    "id": "cat0_m6",
                    "cpu": 84,
                    "memory": 1,
                    "disk": 1
                },
                {
                    "id": "cat0_m7",
                    "cpu": 84,
                    "memory": 1,
                    "disk": 1
                },
                {
                    "id": "cat0_m8",
                    "cpu": 84,
                    "memory": 1,
                    "disk": 1
                },
                {
                    "id": "cat0_m9",
                    "cpu": 84,
                    "memory": 1,
                    "disk": 1
                }
            ],
            "tasks": "{'running': [ingest-t0-emu, ingest-t1-emu, ingest-t2-emu, ingest-t3-emu, ingest-t4-emu], 'finished': [], 'waiting': []}"
        },
        "instrument_state": {
            "telescope_in_use": true,
            "telescope_arrays_used": 36,
            "observations_waiting": 1
        },
        "scheduler_state": null
    },
    {
        "cluster_state": {
            "machines": [
                {
                    "id": "cat0_m0",
                    "cpu": 84,
                    "memory": 1,
                    "disk": 1
                },
                {
                    "id": "cat0_m1",
                    "cpu": 84,
                    "memory": 1,
                    "disk": 1
                },
                {
                    "id": "cat0_m2",
                    "cpu": 84,
                    "memory": 1,
                    "disk": 1
                },
                {
                    "id": "cat0_m3",
                    "cpu": 84,
                    "memory": 1,
                    "disk": 1
                },
                {
                    "id": "cat0_m4",
                    "cpu": 84,
                    "memory": 1,
                    "disk": 1
                },
                {
                    "id": "cat0_m5",
                    "cpu": 84,
                    "memory": 1,
                    "disk": 1
                },
                {
                    "id": "cat0_m6",
                    "cpu": 84,
                    "memory": 1,
                    "disk": 1
                },
                {
                    "id": "cat0_m7",
                    "cpu": 84,
                    "memory": 1,
                    "disk": 1
                },
                {
                    "id": "cat0_m8",
                    "cpu": 84,
                    "memory": 1,
                    "disk": 1
                },
                {
                    "id": "cat0_m9",
                    "cpu": 84,
                    "memory": 1,
                    "disk": 1
                }
            ],
            "tasks": "{'running': [ingest-t0-emu, ingest-t1-emu, ingest-t2-emu, ingest-t3-emu, ingest-t4-emu], 'finished': [], 'waiting': []}"
        },
        "instrument_state": {
            "telescope_in_use": true,
            "telescope_arrays_used": 36,
            "observations_waiting": 1
        },
        "scheduler_state": null
    },
    {
        "cluster_state": {
            "machines": [
                {
                    "id": "cat0_m0",
                    "cpu": 84,
                    "memory": 1,
                    "disk": 1
                },
                {
                    "id": "cat0_m1",
                    "cpu": 84,
                    "memory": 1,
                    "disk": 1
                },
                {
                    "id": "cat0_m2",
                    "cpu": 84,
                    "memory": 1,
                    "disk": 1
                },
                {
                    "id": "cat0_m3",
                    "cpu": 84,
                    "memory": 1,
                    "disk": 1
                },
                {
                    "id": "cat0_m4",
                    "cpu": 84,
                    "memory": 1,
                    "disk": 1
                },
                {
                    "id": "cat0_m5",
                    "cpu": 84,
                    "memory": 1,
                    "disk": 1
                },
                {
                    "id": "cat0_m6",
                    "cpu": 84,
                    "memory": 1,
                    "disk": 1
                },
                {
                    "id": "cat0_m7",
                    "cpu": 84,
                    "memory": 1,
                    "disk": 1
                },
                {
                    "id": "cat0_m8",
                    "cpu": 84,
                    "memory": 1,
                    "disk": 1
                },
                {
                    "id": "cat0_m9",
                    "cpu": 84,
                    "memory": 1,
                    "disk": 1
                }
            ],
            "tasks": "{'running': [ingest-t0-emu, ingest-t1-emu, ingest-t2-emu, ingest-t3-emu, ingest-t4-emu], 'finished': [], 'waiting': []}"
        },
        "instrument_state": {
            "telescope_in_use": true,
            "telescope_arrays_used": 36,
            "observations_waiting": 1
        },
        "scheduler_state": null
    },
    {
        "cluster_state": {
            "machines": [
                {
                    "id": "cat0_m0",
                    "cpu": 84,
                    "memory": 1,
                    "disk": 1
                },
                {
                    "id": "cat0_m1",
                    "cpu": 84,
                    "memory": 1,
                    "disk": 1
                },
                {
                    "id": "cat0_m2",
                    "cpu": 84,
                    "memory": 1,
                    "disk": 1
                },
                {
                    "id": "cat0_m3",
                    "cpu": 84,
                    "memory": 1,
                    "disk": 1
                },
                {
                    "id": "cat0_m4",
                    "cpu": 84,
                    "memory": 1,
                    "disk": 1
                },
                {
                    "id": "cat0_m5",
                    "cpu": 84,
                    "memory": 1,
                    "disk": 1
                },
                {
                    "id": "cat0_m6",
                    "cpu": 84,
                    "memory": 1,
                    "disk": 1
                },
                {
                    "id": "cat0_m7",
                    "cpu": 84,
                    "memory": 1,
                    "disk": 1
                },
                {
                    "id": "cat0_m8",
                    "cpu": 84,
                    "memory": 1,
                    "disk": 1
                },
                {
                    "id": "cat0_m9",
                    "cpu": 84,
                    "memory": 1,
                    "disk": 1
                }
            ],
            "tasks": "{'running': [], 'finished': [ingest-t0-emu, ingest-t1-emu, ingest-t2-emu, ingest-t3-emu, ingest-t4-emu], 'waiting': []}"
        },
        "instrument_state": {
            "telescope_in_use": true,
            "telescope_arrays_used": 36,
            "observations_waiting": 0
        },
        "scheduler_state": null
    },
    {
        "cluster_state": {
            "machines": [
                {
                    "id": "cat0_m0",
                    "cpu": 84,
                    "memory": 1,
                    "disk": 1
                },
                {
                    "id": "cat0_m1",
                    "cpu": 84,
                    "memory": 1,
                    "disk": 1
                },
                {
                    "id": "cat0_m2",
                    "cpu": 84,
                    "memory": 1,
                    "disk": 1
                },
                {
                    "id": "cat0_m3",
                    "cpu": 84,
                    "memory": 1,
                    "disk": 1
                },
                {
                    "id": "cat0_m4",
                    "cpu": 84,
                    "memory": 1,
                    "disk": 1
                },
                {
                    "id": "cat0_m5",
                    "cpu": 84,
                    "memory": 1,
                    "disk": 1
                },
                {
                    "id": "cat0_m6",
                    "cpu": 84,
                    "memory": 1,
                    "disk": 1
                },
                {
                    "id": "cat0_m7",
                    "cpu": 84,
                    "memory": 1,
                    "disk": 1
                },
                {
                    "id": "cat0_m8",
                    "cpu": 84,
                    "memory": 1,
                    "disk": 1
                },
                {
                    "id": "cat0_m9",
                    "cpu": 84,
                    "memory": 1,
                    "disk": 1
                }
            ],
            "tasks": "{'running': [], 'finished': [ingest-t0-emu, ingest-t1-emu, ingest-t2-emu, ingest-t3-emu, ingest-t4-emu], 'waiting': []}"
        },
        "instrument_state": {
            "telescope_in_use": false,
            "telescope_arrays_used": 0,
            "observations_waiting": 1
        },
        "scheduler_state": null
    },
    {
        "cluster_state": {
            "machines": [
                {
                    "id": "cat0_m0",
                    "cpu": 84,
                    "memory": 1,
                    "disk": 1
                },
                {
                    "id": "cat0_m1",
                    "cpu": 84,
                    "memory": 1,
                    "disk": 1
                },
                {
                    "id": "cat0_m2",
                    "cpu": 84,
                    "memory": 1,
                    "disk": 1
                },
                {
                    "id": "cat0_m3",
                    "cpu": 84,
                    "memory": 1,
                    "disk": 1
                },
                {
                    "id": "cat0_m4",
                    "cpu": 84,
                    "memory": 1,
                    "disk": 1
                },
                {
                    "id": "cat0_m5",
                    "cpu": 84,
                    "memory": 1,
                    "disk": 1
                },
                {
                    "id": "cat0_m6",
                    "cpu": 84,
                    "memory": 1,
                    "disk": 1
                },
                {
                    "id": "cat0_m7",
                    "cpu": 84,
                    "memory": 1,
                    "disk": 1
                },
                {
                    "id": "cat0_m8",
                    "cpu": 84,
                    "memory": 1,
                    "disk": 1
                },
                {
                    "id": "cat0_m9",
                    "cpu": 84,
                    "memory": 1,
                    "disk": 1
                }
            ],
            "tasks": "{'running': [], 'finished': [ingest-t0-emu, ingest-t1-emu, ingest-t2-emu, ingest-t3-emu, ingest-t4-emu], 'waiting': []}"
        },
        "instrument_state": {
            "telescope_in_use": false,
            "telescope_arrays_used": 0,
            "observations_waiting": 1
        },
        "scheduler_state": null
    }
]